[04:17:55] [main/INFO]: Loading Minecraft 1.21.1 with Fabric Loader 0.16.10
[04:17:55] [ForkJoinPool-1-worker-9/WARN]: Mod com_github_rtyley_animated-gif-lib-for-java uses the version animated-gif-lib-1.7 which isn't compatible with Loader's extended semantic version format (Could not parse version number component 'animated'!), SemVer is recommended for reliably evaluating dependencies and prioritizing newer version
[04:17:55] [main/INFO]: Loading 138 mods:
	- almanac 1.0.2
	- appleskin 3.0.6+mc1.21
	- architectury 13.0.8
	- balm-fabric 21.0.23
	   \-- kuma_api 21.0.5-SNAPSHOT
	- bedrockify 1.10.1+mc1.21
	- betteradvancements 0.4.3.21
	- bookshelf 21.1.43
	- bwncr 3.20.1
	- cicada 0.10.2+1.21-1.21.1
	- cloth-config 15.0.140
	   \-- cloth-basic-math 0.6.1
	- clumps 19.0.0.1
	- cobblemon 1.6.1+1.21.1
	   \-- fabric-language-kotlin 1.11.0+kotlin.2.0.0
	        |-- org_jetbrains_kotlin_kotlin-reflect 2.0.0
	        |-- org_jetbrains_kotlin_kotlin-stdlib 2.0.0
	        |-- org_jetbrains_kotlin_kotlin-stdlib-jdk7 2.0.0
	        |-- org_jetbrains_kotlin_kotlin-stdlib-jdk8 2.0.0
	        |-- org_jetbrains_kotlinx_atomicfu-jvm 0.24.0
	        |-- org_jetbrains_kotlinx_kotlinx-coroutines-core-jvm 1.8.1
	        |-- org_jetbrains_kotlinx_kotlinx-coroutines-jdk8 1.8.1
	        |-- org_jetbrains_kotlinx_kotlinx-datetime-jvm 0.6.0
	        |-- org_jetbrains_kotlinx_kotlinx-serialization-cbor-jvm 1.6.3
	        |-- org_jetbrains_kotlinx_kotlinx-serialization-core-jvm 1.6.3
	        \-- org_jetbrains_kotlinx_kotlinx-serialization-json-jvm 1.6.3
	- cobblemon_smartphone 1.0.2
	- cobblemon_spawn_notification 1.6-fabric-1.2.1
	- cobblemonridingfabric 1.3.7
	- collective 7.87
	- craftingtweaks 21.1.5
	- dismountentity 3.5
	- dynamiccrosshair 9.3
	   |-- dynamiccrosshair-api 1.1
	   \-- libbamboo 2.2
	- entityculling 1.7.2
	- fabric-api 0.115.0+1.21.1
	   |-- fabric-api-base 0.4.42+6573ed8c19
	   |-- fabric-api-lookup-api-v1 1.6.70+b559734419
	   |-- fabric-biome-api-v1 13.0.31+d527f9fd19
	   |-- fabric-block-api-v1 1.0.22+0af3f5a719
	   |-- fabric-block-view-api-v2 1.0.10+6573ed8c19
	   |-- fabric-blockrenderlayer-v1 1.1.52+0af3f5a719
	   |-- fabric-client-tags-api-v1 1.1.15+6573ed8c19
	   |-- fabric-command-api-v1 1.2.49+f71b366f19
	   |-- fabric-command-api-v2 2.2.28+6ced4dd919
	   |-- fabric-commands-v0 0.2.66+df3654b319
	   |-- fabric-content-registries-v0 8.0.18+b559734419
	   |-- fabric-convention-tags-v1 2.1.2+7f945d5b19
	   |-- fabric-convention-tags-v2 2.9.2+e60e56d419
	   |-- fabric-crash-report-info-v1 0.2.29+0af3f5a719
	   |-- fabric-data-attachment-api-v1 1.4.1+9ed317f519
	   |-- fabric-data-generation-api-v1 20.2.25+16c4ae2519
	   |-- fabric-dimensions-v1 4.0.0+6fc22b9919
	   |-- fabric-entity-events-v1 1.7.0+2122d82819
	   |-- fabric-events-interaction-v0 0.7.13+ba9dae0619
	   |-- fabric-game-rule-api-v1 1.0.53+6ced4dd919
	   |-- fabric-item-api-v1 11.1.1+d5debaed19
	   |-- fabric-item-group-api-v1 4.1.6+6823f7cd19
	   |-- fabric-key-binding-api-v1 1.0.47+0af3f5a719
	   |-- fabric-keybindings-v0 0.2.45+df3654b319
	   |-- fabric-lifecycle-events-v1 2.5.0+01d9a51c19
	   |-- fabric-loot-api-v2 3.0.15+3f89f5a519
	   |-- fabric-loot-api-v3 1.0.3+3f89f5a519
	   |-- fabric-message-api-v1 6.0.13+6573ed8c19
	   |-- fabric-model-loading-api-v1 2.0.0+fe474d6b19
	   |-- fabric-networking-api-v1 4.3.0+c7469b2119
	   |-- fabric-object-builder-api-v1 15.2.1+40875a9319
	   |-- fabric-particles-v1 4.0.2+6573ed8c19
	   |-- fabric-recipe-api-v1 5.0.14+248df81c19
	   |-- fabric-registry-sync-v0 5.2.0+34f5d91419
	   |-- fabric-renderer-api-v1 3.4.0+c705a49c19
	   |-- fabric-renderer-indigo 1.7.0+c705a49c19
	   |-- fabric-renderer-registries-v1 3.2.68+df3654b319
	   |-- fabric-rendering-data-attachment-v1 0.3.48+73761d2e19
	   |-- fabric-rendering-fluids-v1 3.1.6+1daea21519
	   |-- fabric-rendering-v0 1.1.71+df3654b319
	   |-- fabric-rendering-v1 5.0.5+df16efd019
	   |-- fabric-resource-conditions-api-v1 4.3.0+8dc279b119
	   |-- fabric-resource-loader-v0 1.3.1+5b5275af19
	   |-- fabric-screen-api-v1 2.0.25+8b68f1c719
	   |-- fabric-screen-handler-api-v1 1.3.88+b559734419
	   |-- fabric-sound-api-v1 1.0.23+6573ed8c19
	   |-- fabric-transfer-api-v1 5.4.2+c24bd99419
	   \-- fabric-transitive-access-wideners-v1 6.2.0+45b9699719
	- fabricloader 0.16.10
	   \-- mixinextras 0.4.1
	- fancymenu 3.3.2
	   |-- com_github_keksuccino_japng 0.5.3
	   |-- com_github_rtyley_animated-gif-lib-for-java animated-gif-lib-1.7
	   \-- mixinextras 0.4.1
	- ferritecore 7.0.2-hotfix
	- highlight 3.0.0
	   \-- resourcefullib 3.0.1
	        |-- com_teamresourceful_bytecodecs 1.1.0
	        \-- com_teamresourceful_yabn 1.0.3
	- iceberg 1.2.9.2
	- java 21
	- konkrete 1.9.9
	- krypton 0.2.8
	   \-- com_velocitypowered_velocity-native 3.3.0-SNAPSHOT
	- letmedespawn 1.4.4
	- lithium 0.14.7+mc1.21.1
	- mega_showdown 8.0.0-release-fabric
	- melody 1.0.10
	- minecraft 1.21.1
	- monsters_in_the_closet 1.0.3+1.21
	- mr_tims_ultimatelycomprehensivecobblemoneditsofdestiny 1.6.1-1
	- mythsandlegends 1.7.2
	   \-- com_moandjiezana_toml_toml4j 0.7.2
	- netherportalfix 21.1.1
	- notenoughanimations 1.9.1
	- owo 0.12.15+1.21
	   |-- io_wispforest_endec 0.1.5
	   |-- io_wispforest_endec_gson 0.1.3
	   |-- io_wispforest_endec_jankson 0.1.3
	   \-- io_wispforest_endec_netty 0.1.2
	- prickle 21.1.6
	- roughlyenoughitems 16.0.788
	   \-- error_notifier 1.0.11
	- show-held-items 0.2.1
	- showmeyourskin 1.11.3+1.21
	   |-- cardinal-components-base 6.1.0
	   \-- cardinal-components-entity 6.1.0
	- shulkerboxtooltip 5.1.2+1.21.1
	- slimyfloor 1.21-1.3.2
	- sodiumleafculling 1.0.0
	- stendhal 1.4.1-1.21
	   \-- libgui 11.0.0+1.21
	        |-- jankson 8.0.0+j1.2.3
	        |    \-- blue_endless_jankson 1.2.3
	        \-- libninepatch 1.2.0
	- superflatworldnoslimes 3.4
	- supermartijn642configlib 1.1.8
	- swingthrough 1.0.5+1.21
	- trinkets 3.10.0
	   |-- cardinal-components-base 6.1.0
	   \-- cardinal-components-entity 6.1.0
	- txnilib 1.0.21
	   \-- forgeconfigapiport 21.1.1
	        |-- com_electronwill_night-config_core 3.8.0
	        \-- com_electronwill_night-config_toml 3.8.0
	- xaerominimap 25.0.0
	- xaeroworldmap 1.39.2
	- yet_another_config_lib_v3 3.6.2+1.21-fabric
	   |-- com_twelvemonkeys_common_common-image 3.12.0
	   |-- com_twelvemonkeys_common_common-io 3.12.0
	   |-- com_twelvemonkeys_common_common-lang 3.12.0
	   |-- com_twelvemonkeys_imageio_imageio-core 3.12.0
	   |-- com_twelvemonkeys_imageio_imageio-metadata 3.12.0
	   |-- com_twelvemonkeys_imageio_imageio-webp 3.12.0
	   |-- org_quiltmc_parsers_gson 0.2.1
	   \-- org_quiltmc_parsers_json 0.2.1
	- yosbr 0.1.2
[04:17:55] [main/INFO]: Applying default options... (YOSBR)
[04:17:55] [main/INFO]: SpongePowered MIXIN Subsystem Version=0.8.7 Source=file:/C:/Users/USER/OneDrive/%eb%b0%94%ed%83%95%20%ed%99%94%eb%a9%b4/pocketmon%20server/poke/libraries/net/fabricmc/sponge-mixin/0.15.4+mixin.0.8.7/sponge-mixin-0.15.4+mixin.0.8.7.jar Service=Knot/Fabric Env=SERVER
[04:17:55] [main/INFO]: Compatibility level set to JAVA_21
[04:17:56] [main/WARN]: Reference map 'craftingtweaks.refmap.json' for craftingtweaks.mixins.json could not be read. If this is a development environment you can ignore this message
[04:17:56] [main/WARN]: Reference map 'craftingtweaks.refmap.json' for craftingtweaks.fabric.mixins.json could not be read. If this is a development environment you can ignore this message
[04:17:56] [main/WARN]: Reference map 'forgeconfigapiport.common.refmap.json' for forgeconfigapiport.common.mixins.json could not be read. If this is a development environment you can ignore this message
[04:17:56] [main/WARN]: Mod 'ferritecore' attempted to override option 'mixin.alloc.blockstate', which doesn't exist, ignoring
[04:17:56] [main/INFO]: Option 'mixin.entity.collisions.fluid' requires 'mixin.util.block_tracking=true' but found 'false'. Setting 'mixin.entity.collisions.fluid=false'.
[04:17:56] [main/INFO]: Option 'mixin.experimental.entity.block_caching.suffocation' requires 'mixin.util.block_tracking=true' but found 'false'. Setting 'mixin.experimental.entity.block_caching.suffocation=false'.
[04:17:56] [main/INFO]: Option 'mixin.experimental.entity.block_caching.block_support' requires 'mixin.util.block_tracking=true' but found 'false'. Setting 'mixin.experimental.entity.block_caching.block_support=false'.
[04:17:56] [main/INFO]: Option 'mixin.experimental.entity.block_caching.fluid_pushing' requires 'mixin.util.block_tracking=true' but found 'false'. Setting 'mixin.experimental.entity.block_caching.fluid_pushing=false'.
[04:17:56] [main/INFO]: Option 'mixin.experimental.entity.block_caching.block_touching' requires 'mixin.util.block_tracking=true' but found 'false'. Setting 'mixin.experimental.entity.block_caching.block_touching=false'.
[04:17:56] [main/INFO]: Option 'mixin.experimental.entity.block_caching' requires 'mixin.util.block_tracking=true' but found 'false'. Setting 'mixin.experimental.entity.block_caching=false'.
[04:17:56] [main/INFO]: Loaded configuration file for Lithium: 144 options available, 1 override(s) found
[04:17:56] [main/WARN]: Reference map 'prickle.refmap.json' for prickle.mixins.json could not be read. If this is a development environment you can ignore this message
[04:17:56] [main/WARN]: Reference map 'prickle.refmap.json' for prickle.fabric.mixins.json could not be read. If this is a development environment you can ignore this message
[04:17:56] [main/WARN]: Reference map 'supermartijn642configlib.mixins.refmap.json' for supermartijn642configlib.mixins.json could not be read. If this is a development environment you can ignore this message
[04:17:56] [main/WARN]: Error loading class: net/minecraft/class_350 (java.lang.ClassNotFoundException: net/minecraft/class_350)
[04:17:56] [main/WARN]: @Mixin target net.minecraft.class_350 was not found mixins.cobblemon-common.json:accessor.EntryListWidgetAccessor from mod cobblemon
[04:17:56] [main/WARN]: Error loading class: juuxel/adorn/block/variant/BlockVariantSets (java.lang.ClassNotFoundException: juuxel/adorn/block/variant/BlockVariantSets)
[04:17:56] [main/WARN]: @Mixin target juuxel.adorn.block.variant.BlockVariantSets was not found mixins.cobblemon-common.json:invoker.AdornRegisterInvoker from mod cobblemon
[04:17:56] [main/WARN]: Error loading class: journeymap/common/Journeymap (java.lang.ClassNotFoundException: journeymap/common/Journeymap)
[04:17:56] [main/WARN]: @Mixin target journeymap.common.Journeymap was not found spawnnotification.mixins.json:JourneyMapPresent from mod cobblemon_spawn_notification
[04:17:56] [main/INFO]: Force-enabling mixin 'compat.transfer_api.TransferApiHelperMixin' as rule 'mixin.compat.transfer_api' (added by mods [lithium]) enables it
[04:17:56] [main/WARN]: Error loading class: net/minecraft/class_310 (java.lang.ClassNotFoundException: net/minecraft/class_310)
[04:17:56] [main/WARN]: @Mixin target net.minecraft.class_310 was not found monsters_in_the_closet.mixins.json:MinecraftClientMixin from mod monsters_in_the_closet
[04:17:56] [main/WARN]: Error loading class: net/minecraft/class_287 (java.lang.ClassNotFoundException: net/minecraft/class_287)
[04:17:56] [main/WARN]: @Mixin target net.minecraft.class_287 was not found owo.mixins.json:BufferBuilderAccessor from mod owo
[04:17:56] [main/WARN]: Error loading class: net/minecraft/class_437 (java.lang.ClassNotFoundException: net/minecraft/class_437)
[04:17:56] [main/WARN]: @Mixin target net.minecraft.class_437 was not found owo.mixins.json:ScreenAccessor from mod owo
[04:17:56] [main/WARN]: Error loading class: xyz/nucleoid/server/translations/impl/language/SystemDelegatedLanguage (java.lang.ClassNotFoundException: xyz/nucleoid/server/translations/impl/language/SystemDelegatedLanguage)
[04:17:56] [main/WARN]: Error loading class: dev/lambdaurora/lambdynlights/LambDynLights (java.lang.ClassNotFoundException: dev/lambdaurora/lambdynlights/LambDynLights)
[04:17:56] [main/WARN]: @Mixin target dev.lambdaurora.lambdynlights.LambDynLights was not found show-held-items.mixins.json:LambDynLightsMixin from mod show-held-items
[04:17:56] [main/WARN]: Error loading class: net/caffeinemc/mods/sodium/client/render/frapi/render/AbstractBlockRenderContext (java.lang.ClassNotFoundException: net/caffeinemc/mods/sodium/client/render/frapi/render/AbstractBlockRenderContext)
[04:17:56] [main/WARN]: @Mixin target net.caffeinemc.mods.sodium.client.render.frapi.render.AbstractBlockRenderContext was not found mixins.sodiumleafculling.json:AbstractBlockRenderContextAccessor from mod sodiumleafculling
[04:17:56] [main/WARN]: Error loading class: net/caffeinemc/mods/sodium/client/render/chunk/compile/pipeline/BlockOcclusionCache (java.lang.ClassNotFoundException: net/caffeinemc/mods/sodium/client/render/chunk/compile/pipeline/BlockOcclusionCache)
[04:17:56] [main/WARN]: @Mixin target net.caffeinemc.mods.sodium.client.render.chunk.compile.pipeline.BlockOcclusionCache was not found mixins.sodiumleafculling.json:BlockOcclusionCacheMixin from mod sodiumleafculling
[04:17:56] [main/WARN]: Error loading class: net/caffeinemc/mods/sodium/client/render/chunk/compile/pipeline/BlockRenderer (java.lang.ClassNotFoundException: net/caffeinemc/mods/sodium/client/render/chunk/compile/pipeline/BlockRenderer)
[04:17:56] [main/WARN]: @Mixin target net.caffeinemc.mods.sodium.client.render.chunk.compile.pipeline.BlockRenderer was not found mixins.sodiumleafculling.json:BlockRendererMixin from mod sodiumleafculling
[04:17:56] [main/WARN]: Error loading class: net/caffeinemc/mods/sodium/client/gui/SodiumGameOptions$PerformanceSettings (java.lang.ClassNotFoundException: net/caffeinemc/mods/sodium/client/gui/SodiumGameOptions$PerformanceSettings)
[04:17:56] [main/WARN]: @Mixin target net.caffeinemc.mods.sodium.client.gui.SodiumGameOptions$PerformanceSettings was not found mixins.sodiumleafculling.json:PerformanceSettingsMixin from mod sodiumleafculling
[04:17:56] [main/WARN]: Error loading class: net/caffeinemc/mods/sodium/client/gui/SodiumGameOptionPages (java.lang.ClassNotFoundException: net/caffeinemc/mods/sodium/client/gui/SodiumGameOptionPages)
[04:17:56] [main/WARN]: @Mixin target net.caffeinemc.mods.sodium.client.gui.SodiumGameOptionPages was not found mixins.sodiumleafculling.json:SodiumGameOptionPagesMixin from mod sodiumleafculling
[04:17:56] [main/WARN]: Error loading class: net/minecraft/class_471 (java.lang.ClassNotFoundException: net/minecraft/class_471)
[04:17:56] [main/WARN]: @Mixin target net.minecraft.class_471 was not found stendhal.mixins.json:AnvilScreenMixin from mod stendhal
[04:17:56] [main/WARN]: Error loading class: net/minecraft/class_473 (java.lang.ClassNotFoundException: net/minecraft/class_473)
[04:17:56] [main/WARN]: @Mixin target net.minecraft.class_473 was not found stendhal.mixins.json:BookEditScreenMixin from mod stendhal
[04:17:56] [main/WARN]: Error loading class: net/minecraft/class_3872 (java.lang.ClassNotFoundException: net/minecraft/class_3872)
[04:17:56] [main/WARN]: @Mixin target net.minecraft.class_3872 was not found stendhal.mixins.json:BookScreenMixin from mod stendhal
[04:17:56] [main/WARN]: Error loading class: net/minecraft/class_408 (java.lang.ClassNotFoundException: net/minecraft/class_408)
[04:17:56] [main/WARN]: @Mixin target net.minecraft.class_408 was not found stendhal.mixins.json:ChatScreenMixin from mod stendhal
[04:17:56] [main/WARN]: Error loading class: net/minecraft/class_7743 (java.lang.ClassNotFoundException: net/minecraft/class_7743)
[04:17:56] [main/WARN]: @Mixin target net.minecraft.class_7743 was not found stendhal.mixins.json:SignEditScreenMixin from mod stendhal
[04:17:56] [main/INFO]: Initializing MixinExtras via com.llamalad7.mixinextras.service.MixinExtrasServiceImpl(version=0.4.1).
[04:18:01] [main/INFO]: Initializing BedrockIfy.
[04:18:02] [main/INFO]: Booting LaxPermissionValidator, permissions will be checked using Minecrafts permission level system, see https://minecraft.fandom.com/wiki/Permission_level
[04:18:02] [main/INFO]: Launching Cobblemon 1.6.1 
[04:18:03] [main/ERROR]: No data fixer registered for cobblemon:pokemon
[04:18:03] [main/ERROR]: No data fixer registered for cobblemon:empty_pokeball
[04:18:03] [main/ERROR]: No data fixer registered for cobblemon:boat
[04:18:03] [main/ERROR]: No data fixer registered for cobblemon:chest_boat
[04:18:03] [main/ERROR]: No data fixer registered for cobblemon:poke_bobber
[04:18:03] [main/ERROR]: No data fixer registered for cobblemon:generic_bedrock
[04:18:03] [main/ERROR]: No data fixer registered for cobblemon:npc
[04:18:03] [main/INFO]: Starting the Best Spawner...
[04:18:03] [main/INFO]: Loaded 7 spawning condition types.
[04:18:03] [main/INFO]: Loaded 6 spawning context types.
[04:18:03] [main/INFO]: Loaded 2 spawn detail types.
[04:18:03] [Cobblemon Showdown/INFO]: Loaded fallback file: .\showdown\data\moves.js
[04:18:03] [Cobblemon Showdown/INFO]: Loaded fallback file: .\showdown\sim\battle-actions.js
[04:18:03] [Cobblemon Showdown/INFO]: Loaded fallback file: .\showdown\sim\pokemon.js
[04:18:03] [Cobblemon Showdown/INFO]: Loaded fallback file: .\showdown\data\abilities.js
[04:18:03] [Cobblemon Showdown/INFO]: All files are ready!
[04:18:03] [Cobblemon Showdown/INFO]: Starting showdown service...
[04:18:04] [Cobblemon Showdown/INFO]: Showdown has been started!
[04:18:04] [main/INFO]: Note: Cobblemon data registries are only loaded once per server instance as Pokémon species are not safe to reload.
[04:18:04] [main/INFO]: Registered the cobblemon:molang registry
[04:18:04] [main/INFO]: Registered the cobblemon:species_features registry
[04:18:04] [main/INFO]: Registered the cobblemon:global_species_features registry
[04:18:04] [main/INFO]: Registered the cobblemon:species_feature_assignments registry
[04:18:04] [main/INFO]: Registered the cobblemon:action_effects registry
[04:18:04] [main/INFO]: Registered the cobblemon:moves registry
[04:18:04] [main/INFO]: Registered the cobblemon:abilities registry
[04:18:04] [main/INFO]: Registered the cobblemon:brain_presets registry
[04:18:04] [main/INFO]: Registered the cobblemon:species registry
[04:18:04] [main/INFO]: Registered the cobblemon:species_additions registry
[04:18:04] [main/INFO]: Registered the cobblemon:pokeballs registry
[04:18:04] [main/INFO]: Registered the cobblemon:properties_tab_completion registry
[04:18:04] [main/INFO]: Registered the cobblemon:spawn_detail_presets registry
[04:18:04] [main/INFO]: Registered the cobblemon:spawn_rules registry
[04:18:04] [main/INFO]: Registered the cobblemon:mechanics registry
[04:18:04] [main/INFO]: Registered the cobblemon:bag_items registry
[04:18:04] [main/INFO]: Registered the cobblemon:dialogues registry
[04:18:04] [main/INFO]: Registered the cobblemon:natural_materials registry
[04:18:04] [main/INFO]: Registered the cobblemon:fossils registry
[04:18:04] [main/INFO]: Registered the cobblemon:npc_preset registry
[04:18:04] [main/INFO]: Registered the cobblemon:npc registry
[04:18:04] [main/INFO]: Registered the cobblemon:dex_entries registry
[04:18:04] [main/INFO]: Registered the cobblemon:dex_entry_additions registry
[04:18:04] [main/INFO]: Registered the cobblemon:dexes registry
[04:18:04] [main/INFO]: Registered the cobblemon:dex_additions registry
[04:18:04] [main/INFO]: Registered the cobblemon:flows registry
[04:18:04] [main/INFO]: Registered the cobblemon:spawn_pool_world registry
[04:18:04] [main/INFO]: Registered the cobblemon:pokerods registry
[04:18:04] [main/INFO]: Registered the cobblemon:berries registry
[04:18:04] [main/INFO]: Registered the cobblemon:fishing_baits registry
[04:18:05] [main/INFO]: Loading Collective version 7.87.
[04:18:05] [main/INFO]: [FANCYMENU] Loading v3.3.2 in server-side mode on FABRIC!
[04:18:05] [main/INFO]: [KONKRETE] Loading v1.9.9 in server-side mode on FABRIC!
[04:18:05] [main/INFO]: ---------------------------
[04:18:05] [main/INFO]: KONKRETE SHIPS AND USES THE FOLLOWING LIBRARIES:
[04:18:05] [main/INFO]:  
[04:18:05] [main/INFO]: Open Imaging Copyright © 2014 Dhyan Blum.
[04:18:05] [main/INFO]: Open Imaging is licensed under Apache-2.0.
[04:18:05] [main/INFO]:  
[04:18:05] [main/INFO]: JsonPath Copyright © 2017 Jayway.
[04:18:05] [main/INFO]: JsonPath is licensed under Apache-2.0.
[04:18:05] [main/INFO]:  
[04:18:05] [main/INFO]: Json-smart Copyright © netplex.
[04:18:05] [main/INFO]: Json-smart is licensed under Apache-2.0.
[04:18:05] [main/INFO]:  
[04:18:05] [main/INFO]: Exp4j Copyright © Frank Asseg.
[04:18:05] [main/INFO]: Exp4j is licensed under Apache-2.0. https://github.com/fasseg/exp4j
[04:18:05] [main/INFO]: ---------------------------
[04:18:05] [main/INFO]: [KONKRETE] Server-side modules initialized and ready to use!
[04:18:05] [main/INFO]: Compression will use Java, encryption will use Java
[04:18:05] [cobblemon Datafixer Bootstrap/INFO]: 2 Datafixer optimizations took 5 milliseconds
[04:18:05] [main/WARN]: [MELODY] Disabling Melody since it's loaded server-side.
[04:18:05] [main/INFO]: Tick Events Registered
[04:18:05] [main/INFO]: Interaction Events Registered
[04:18:05] [main/INFO]: Player Events Registered
[04:18:05] [main/INFO]: Registered all conditions
[04:18:05] [main/INFO]: We don't have to worry about people re-inventing Venezuela glisco, that's their problem for integrating the Bourgeoisie into their pack
[04:18:05] [main/INFO]: Registering C2S receiver with id roughlyenoughitems:request_tags_c2s
[04:18:05] [main/INFO]: [REI] Registered plugin provider DefaultPlugin [roughlyenoughitems] for REIPlugin
[04:18:05] [main/INFO]: [REI] Registered plugin provider DefaultRuntimePlugin [roughlyenoughitems] for REIPlugin
[04:18:05] [main/INFO]: [REI] Registered plugin provider DefaultPlugin [roughlyenoughitems] for REIServerPlugin
[04:18:05] [main/INFO]: [REI] Registered plugin provider DefaultRuntimePlugin [roughlyenoughitems] for REIServerPlugin
[04:18:05] [main/INFO]: [REI] Registered plugin provider FabricFluidAPISupportPlugin for REIServerPlugin
[04:18:05] [main/INFO]: [REI] Registered plugin provider FabricFluidAPISupportPlugin for REIPlugin
[04:18:05] [main/INFO]: Registering C2S receiver with id roughlyenoughitems:delete_item
[04:18:05] [main/INFO]: Registering C2S receiver with id roughlyenoughitems:create_item
[04:18:05] [main/INFO]: Registering C2S receiver with id roughlyenoughitems:create_item_grab
[04:18:05] [main/INFO]: Registering C2S receiver with id roughlyenoughitems:create_item_hotbar
[04:18:05] [main/INFO]: Registering C2S receiver with id roughlyenoughitems:move_items
[04:18:05] [main/INFO]: Registering C2S receiver with id roughlyenoughitems:move_items_new
[04:18:05] [main/INFO]: [Stendhal] Initializing
[04:18:05] [main/INFO]: [STDOUT]: TxniLib onInitialize!!
[04:18:05] [main/INFO]: Krypton is now accelerating your Minecraft server's networking stack 🚀
[04:18:05] [main/INFO]: SlimyFloor 1.21-1.3.2 loaded
[04:18:05] [main/INFO]: Loading Xaero's Minimap - Stage 1/2 (Server)
[04:18:05] [main/INFO]: Loading Xaero's World Map - Stage 1/2 (Server)
[04:18:05] [main/INFO]: Environment: Environment[sessionHost=https://sessionserver.mojang.com, servicesHost=https://api.minecraftservices.com, name=PROD]
[04:18:06] [Worker-Main-3/INFO]: Registered Myths and Legends commands
[04:18:06] [main/INFO]: Loaded 1908 recipes
[04:18:07] [main/INFO]: Loaded 1972 advancements
[04:18:07] [main/INFO]: Loaded 5 server scripts and 1 client scripts
[04:18:08] [main/INFO]: Loaded 936 moves
[04:18:08] [main/INFO]: Loaded 314 abilities
[04:18:08] [main/INFO]: Finished additions
[04:18:09] [main/INFO]: Imported 259 held item IDs from showdown
[04:18:09] [main/INFO]: Loaded 1025 Pokémon species
[04:18:09] [main/INFO]: Loaded 25 spawn detail presets.
[04:18:09] [main/INFO]: Starting dummy Showdown battle to force it to pre-load data.
[04:18:09] [main/INFO]: Loaded 15 fossils
[04:18:09] [main/ERROR]: Invalid path in mod resource-pack cobblemon: cobblemon:dex_entry_additions/README.md, ignoring
[04:18:09] [main/ERROR]: Invalid path in mod resource-pack cobblemon: cobblemon:dex_additions/README.md, ignoring
[04:18:09] [main/INFO]: Loaded 1 flows and 0 client flows
[04:18:10] [main/INFO]: Loaded 69 berries
[04:18:10] [main/INFO]: [REI] OOOOOOOOOOOOOOOOOOOOOOOOOOOOOOOOOOOOOOOO
[04:18:10] [main/INFO]: [REI] REIPlugin starting main-reload for START.
[04:18:10] [main/INFO]: [REI] Plugins (3):
[04:18:10] [main/INFO]: [REI]  - (-100.00) DefaultPlugin of DefaultPlugin [roughlyenoughitems]
[04:18:10] [main/INFO]: [REI]  - (0.00) FabricFluidAPISupportPlugin
[04:18:10] [main/INFO]: [REI]  - (0.00) DefaultRuntimePlugin of DefaultRuntimePlugin [roughlyenoughitems]
[04:18:10] [main/INFO]: [REI] OOOOOOOOOOOOOOOOOOOOOOOOOOOOOOOOOOOOOOOO
[04:18:10] [main/INFO]: [REI] ~~~~~~~~~~~~~~~~~~~~~~~~~~~~~~~~~~~~~~~~
[04:18:10] [main/INFO]: [REI] REIServerPlugin starting main-reload for START.
[04:18:10] [main/INFO]: [REI] Plugins (3):
[04:18:10] [main/INFO]: [REI]  - (-100.00) DefaultPlugin of DefaultPlugin [roughlyenoughitems]
[04:18:10] [main/INFO]: [REI]  - (0.00) FabricFluidAPISupportPlugin
[04:18:10] [main/INFO]: [REI]  - (0.00) DefaultRuntimePlugin of DefaultRuntimePlugin [roughlyenoughitems]
[04:18:10] [main/INFO]: [REI] ~~~~~~~~~~~~~~~~~~~~~~~~~~~~~~~~~~~~~~~~
[04:18:10] [main/INFO]: [REI] REIPlugin finished post-reload for START in 731.3 μs, totaling 20.70 ms.
[04:18:10] [main/INFO]: [REI] REIServerPlugin finished post-reload for START in 259.1 μs, totaling 2.831 ms.
[04:18:10] [main/INFO]: [REI] @@@@@@@@@@@@@@@@@@@@@@@@@@@@@@@@@@@@@@@@
[04:18:10] [main/INFO]: [REI] REIPlugin starting main-reload for END.
[04:18:10] [main/INFO]: [REI] Plugins (3):
[04:18:10] [main/INFO]: [REI]  - (-100.00) DefaultPlugin of DefaultPlugin [roughlyenoughitems]
[04:18:10] [main/INFO]: [REI]  - (0.00) FabricFluidAPISupportPlugin
[04:18:10] [main/INFO]: [REI]  - (0.00) DefaultRuntimePlugin of DefaultRuntimePlugin [roughlyenoughitems]
[04:18:10] [main/INFO]: [REI] @@@@@@@@@@@@@@@@@@@@@@@@@@@@@@@@@@@@@@@@
[04:18:10] [main/INFO]: [REI] ++++++++++++++++++++++++++++++++++++++++
[04:18:10] [main/INFO]: [REI] REIServerPlugin starting main-reload for END.
[04:18:10] [main/INFO]: [REI] Plugins (3):
[04:18:10] [main/INFO]: [REI]  - (-100.00) DefaultPlugin of DefaultPlugin [roughlyenoughitems]
[04:18:10] [main/INFO]: [REI]  - (0.00) FabricFluidAPISupportPlugin
[04:18:10] [main/INFO]: [REI]  - (0.00) DefaultRuntimePlugin of DefaultRuntimePlugin [roughlyenoughitems]
[04:18:10] [main/INFO]: [REI] ++++++++++++++++++++++++++++++++++++++++
[04:18:10] [main/INFO]: [REI] REIPlugin finished post-reload for END in 576.0 μs, totaling 19.52 ms.
[04:18:10] [main/INFO]: [REI] REIServerPlugin finished post-reload for END in 198.4 μs, totaling 6.455 ms.
[04:18:10] [main/INFO]: Applied 566 biome modifications to 64 of 64 new biomes in 9.912 ms
[04:18:11] [Server thread/INFO]: Starting minecraft server version 1.21.1
[04:18:11] [Server thread/INFO]: Loading properties
[04:18:11] [Server thread/INFO]: Default game type: SURVIVAL
[04:18:11] [Server thread/INFO]: Generating keypair
[04:18:11] [Server thread/INFO]: Starting Minecraft server on *:25565
[04:18:11] [Server thread/INFO]: Using default channel type
[04:18:11] [Server thread/INFO]: Preparing level "world"
[04:18:11] [Server thread/INFO]: Preparing start region for dimension minecraft:overworld
[04:18:12] [Worker-Main-11/INFO]: Preparing spawn area: 0%
[04:18:12] [Server thread/INFO]: Time elapsed: 344 ms
[04:18:12] [Server thread/INFO]: Done (1.085s)! For help, type "help"
[04:18:12] [Server thread/INFO]: Cobblemon pokemonID ride config file already exists at C:\Users\USER\OneDrive\바탕 화면\pocketmon server\poke\.\world\.\pokemonRideConfig.json
[04:18:12] [Server thread/INFO]: Loading Xaero's Minimap - Stage 2/2 (Server)
[04:18:12] [Server thread/INFO]: Loading Xaero's World Map - Stage 2/2 (Server)
[04:18:12] [Server thread/INFO]: [STDOUT]: Lithium Cached BlockState Flags are disabled!
[04:18:22] [User Authenticator #1/INFO]: UUID of player omen_56 is 7f0c3f35-ddd5-4bac-a9f4-1ea207bade8a
[04:18:23] [Server thread/WARN]: Invalid statistic in .\world\stats\7f0c3f35-ddd5-4bac-a9f4-1ea207bade8a.json: Don't know what rctmod:trainer is
[04:18:23] [Server thread/WARN]: Ignored advancement 'rctmod:trainers/kill_any' in progress file .\world\advancements\7f0c3f35-ddd5-4bac-a9f4-1ea207bade8a.json - it doesn't exist anymore?
[04:18:23] [Server thread/WARN]: Couldn't deserialize attachment mega_showdown:primal_pokemon, skipping. Error:
[04:18:23] [Server thread/WARN]: No ability for ID dummy
[04:18:23] [Server thread/WARN]: Couldn't deserialize attachment mega_showdown:mega_pokemon, skipping. Error:
[04:18:23] [Server thread/WARN]: No ability for ID dummy
[04:18:23] [Server thread/INFO]: omen_56[/61.84.1.167:5092] logged in with entity id 23 at (-1962.0987742021885, 71.0, 693.1792508378547)
[04:18:23] [Server thread/INFO]: omen_56 joined the game
[04:18:23] [Server thread/INFO]: [showmeyourskin] Client of omen_56 accepted server config.
[04:18:23] [Server thread/INFO]: [ShulkerBoxTooltip] omen_56: protocol version: 2.0
[04:18:23] [Server thread/INFO]: [ShulkerBoxTooltip Plugins] Loading 1 plugin: shulkerboxtooltip
[04:18:23] [Server thread/INFO]: [ShulkerBoxTooltip] overriding preview provider shulkerboxtooltip:trapped_chest with shulkerboxtooltip:chest for item minecraft:chest
[04:18:23] [Server thread/INFO]: [ShulkerBoxTooltip Plugins] Registered 31 providers for mod shulkerboxtooltip
[04:18:24] [User Authenticator #2/INFO]: UUID of player gunieaross is 1494df4e-e639-4769-97d6-9ffb6ccdbcd0
[04:18:25] [Server thread/WARN]: Ignored advancement 'rctmod:trainers/defeat_any' in progress file .\world\advancements\1494df4e-e639-4769-97d6-9ffb6ccdbcd0.json - it doesn't exist anymore?
[04:18:25] [Server thread/INFO]: gunieaross[/175.192.195.203:49880] logged in with entity id 240 at (-211.92860580244087, 65.0, -581.4862491751444)
[04:18:25] [Server thread/INFO]: gunieaross joined the game
[04:18:25] [Server thread/INFO]: [showmeyourskin] Client of gunieaross accepted server config.
[04:18:25] [Server thread/INFO]: [ShulkerBoxTooltip] gunieaross: protocol version: 2.0
[04:18:29] [User Authenticator #3/INFO]: UUID of player Pinggu_Penggu is cb99a74b-7abd-4660-b2dd-82a46bbf9457
[04:18:29] [Server thread/INFO]: Pinggu_Penggu[/175.127.49.101:50675] logged in with entity id 593 at (-1844.428890891738, 62.110764008363105, 1496.8373034759584)
[04:18:29] [Server thread/INFO]: Pinggu_Penggu joined the game
[04:18:29] [Server thread/INFO]: [showmeyourskin] Client of Pinggu_Penggu accepted server config.
[04:18:30] [Server thread/INFO]: [ShulkerBoxTooltip] Pinggu_Penggu: protocol version: 2.0
[04:18:32] [User Authenticator #4/INFO]: UUID of player coghcogh is abd377d0-c107-44fa-8807-0ee8634e527f
[04:18:32] [Server thread/WARN]: Ignored advancement 'rctmod:trainers/defeat_any' in progress file .\world\advancements\abd377d0-c107-44fa-8807-0ee8634e527f.json - it doesn't exist anymore?
[04:18:32] [Server thread/INFO]: coghcogh[/124.54.77.48:18855] logged in with entity id 832 at (-1988.2406580220977, 72.0, 698.4081398258334)
[04:18:32] [Server thread/INFO]: coghcogh joined the game
[04:18:32] [Server thread/INFO]: [showmeyourskin] Client of coghcogh accepted server config.
[04:18:33] [Server thread/INFO]: [ShulkerBoxTooltip] coghcogh: protocol version: 2.0
[04:18:46] [User Authenticator #5/INFO]: UUID of player Tofu63 is a4eb0e6b-4b61-4f5a-ade1-bf2d071a462c
[04:18:47] [Server thread/INFO]: Tofu63[/222.98.182.107:34385] logged in with entity id 1139 at (-1867.2106008597566, 74.0, 619.7191406930051)
[04:18:47] [Server thread/INFO]: Tofu63 joined the game
[04:18:47] [Server thread/INFO]: [showmeyourskin] Client of Tofu63 accepted server config.
[04:18:48] [Server thread/INFO]: [ShulkerBoxTooltip] Tofu63: protocol version: 2.0
[04:18:56] [Server thread/INFO]: [gunieaross: Teleported gunieaross to -255.500000, 80.500000, -754.500000]
[04:18:56] [Server thread/WARN]: gunieaross moved too quickly! -45.85022636305433,14.5,-179.30425981483245
[04:18:56] [User Authenticator #6/INFO]: UUID of player Young_Mini is b3cfbd49-2822-48db-8f01-56cdedfd90c7
[04:18:57] [Server thread/WARN]: Ignored advancement 'rctmod:trainers/defeat_any' in progress file .\world\advancements\b3cfbd49-2822-48db-8f01-56cdedfd90c7.json - it doesn't exist anymore?
[04:18:57] [Server thread/WARN]: Couldn't deserialize attachment mega_showdown:primal_pokemon, skipping. Error:
[04:18:57] [Server thread/WARN]: No ability for ID dummy
[04:18:57] [Server thread/WARN]: Couldn't deserialize attachment mega_showdown:mega_pokemon, skipping. Error:
[04:18:57] [Server thread/WARN]: No ability for ID dummy
[04:18:57] [Server thread/INFO]: Young_Mini[/192.168.219.1:50029] logged in with entity id 1595 at (-3073.8977258491022, 65.0, 327.007053647636)
[04:18:57] [Server thread/INFO]: Young_Mini joined the game
[04:18:57] [Server thread/INFO]: [showmeyourskin] Client of Young_Mini accepted server config.
[04:18:58] [Server thread/INFO]: [ShulkerBoxTooltip] Young_Mini: protocol version: 2.0
[04:19:04] [Server thread/INFO]: [male]
[04:19:04] [Server thread/INFO]: [female]
[04:19:04] [Server thread/INFO]: [male]
[04:19:11] [Server thread/INFO]: [female]
[04:19:11] [Server thread/INFO]: [male]
[04:19:11] [Server thread/INFO]: [female]
[04:19:11] [Server thread/INFO]: [female]
[04:19:11] [Server thread/INFO]: [female]
[04:19:11] [Server thread/INFO]: [female]
[04:19:36] [Server thread/INFO]: [female]
[04:19:36] [Server thread/INFO]: [male]
[04:19:36] [Server thread/INFO]: [female]
[04:19:36] [Server thread/INFO]: [female]
[04:19:36] [Server thread/INFO]: [female]
[04:19:36] [Server thread/INFO]: [female]
[04:19:41] [Server thread/INFO]: [male]
[04:19:41] [Server thread/INFO]: [female]
[04:19:41] [Server thread/INFO]: [male]
[04:20:05] [Server thread/INFO]: [female]
[04:20:05] [Server thread/INFO]: [male]
[04:20:05] [Server thread/INFO]: [female]
[04:20:05] [Server thread/INFO]: [female]
[04:20:05] [Server thread/INFO]: [female]
[04:20:05] [Server thread/INFO]: [female]
[04:20:13] [Server thread/INFO]: [Pinggu_Penggu: Teleported Pinggu_Penggu to -1558.500000, 121.500000, 1711.500000]
[04:20:13] [Server thread/WARN]: Pinggu_Penggu moved too quickly! 110.098602246557,61.1255022173876,-136.54583833470292
[04:20:13] [Server thread/WARN]: Pinggu_Penggu moved too quickly! 110.098602246557,61.1255022173876,-136.54583833470292
[04:20:16] [Server thread/INFO]: [male]
[04:20:16] [Server thread/INFO]: [female]
[04:20:16] [Server thread/INFO]: [male]
[04:20:26] [Server thread/INFO]: [female]
[04:20:26] [Server thread/INFO]: [male]
[04:20:26] [Server thread/INFO]: [female]
[04:20:26] [Server thread/INFO]: [female]
[04:20:26] [Server thread/INFO]: [female]
[04:20:26] [Server thread/INFO]: [female]
[04:21:24] [Server thread/INFO]: Young_Mini has made the advancement [Ice Bucket Challenge]
[04:21:29] [Server thread/INFO]: [female]
[04:21:29] [Server thread/INFO]: [male]
[04:21:29] [Server thread/INFO]: [female]
[04:21:29] [Server thread/INFO]: [female]
[04:21:29] [Server thread/INFO]: [female]
[04:21:29] [Server thread/INFO]: [female]
[04:21:31] [Server thread/INFO]: [Tofu63: Applied effect Night Vision to Tofu63]
[04:21:44] [Server thread/INFO]: [male]
[04:21:44] [Server thread/INFO]: [male]
[04:21:44] [Server thread/INFO]: [male]
[04:21:44] [Server thread/INFO]: [female]
[04:21:45] [Server thread/INFO]: [female]
[04:21:45] [Server thread/INFO]: [male]
[04:21:45] [Server thread/INFO]: [female]
[04:21:45] [Server thread/INFO]: [female]
[04:21:45] [Server thread/INFO]: [female]
[04:21:45] [Server thread/INFO]: [female]
[04:21:53] [Server thread/INFO]: [Pinggu_Penggu: Teleported Pinggu_Penggu to -1497.500000, 152.500000, 1574.500000]
[04:21:57] [Server thread/INFO]: [female]
[04:21:57] [Server thread/INFO]: [male]
[04:21:57] [Server thread/INFO]: [female]
[04:21:57] [Server thread/INFO]: [female]
[04:21:57] [Server thread/INFO]: [female]
[04:21:57] [Server thread/INFO]: [female]
[04:22:24] [Server thread/INFO]: [Pinggu_Penggu: Teleported Pinggu_Penggu to -1306.500000, 93.500000, 1599.500000]
[04:22:24] [Server thread/WARN]: Pinggu_Penggu moved too quickly! 127.10304678838156,-34.5,45.36118831152248
[04:22:24] [Server thread/WARN]: Pinggu_Penggu moved too quickly! 127.10304678838156,-34.5,45.36118831152248
[04:22:24] [Server thread/WARN]: Pinggu_Penggu moved too quickly! 127.10304678838156,-34.5,45.36118831152248
[04:22:42] [Server thread/INFO]: Young_Mini has made the advancement [Who is Cutting Onions?]
[04:22:50] [Server thread/INFO]: [male]
[04:22:50] [Server thread/INFO]: [male]
[04:22:50] [Server thread/INFO]: [male]
[04:22:50] [Server thread/INFO]: [female]
[04:22:58] [Server thread/INFO]: [coghcogh: Teleported coghcogh to Young_Mini]
[04:23:14] [Server thread/INFO]: coghcogh has made the advancement [Ice Bucket Challenge]
[04:23:42] [Server thread/INFO]: [female]
[04:23:42] [Server thread/INFO]: [male]
[04:23:42] [Server thread/INFO]: [female]
[04:23:42] [Server thread/INFO]: [female]
[04:23:42] [Server thread/INFO]: [female]
[04:23:42] [Server thread/INFO]: [female]
[04:23:46] [Server thread/INFO]: Tofu63 has made the advancement [Monster Hunter]
[04:23:52] [Server thread/INFO]: No return portal found
[04:23:53] [Server thread/INFO]: Young_Mini has made the advancement [We Need to Go Deeper]
[04:23:54] [Server thread/INFO]: No return portal found
[04:23:54] [Server thread/INFO]: coghcogh has made the advancement [We Need to Go Deeper]
[04:23:56] [Server thread/INFO]: [Pinggu_Penggu: The difficulty has been set to Peaceful]
[04:24:04] [Server thread/INFO]: [male]
[04:24:04] [Server thread/INFO]: [male]
[04:24:04] [Server thread/INFO]: [male]
[04:24:04] [Server thread/INFO]: [female]
[04:24:40] [Server thread/INFO]: [female]
[04:24:40] [Server thread/INFO]: [male]
[04:24:40] [Server thread/INFO]: [female]
[04:24:40] [Server thread/INFO]: [female]
[04:24:40] [Server thread/INFO]: [female]
[04:24:40] [Server thread/INFO]: [female]
[04:25:00] [Server thread/INFO]: [female]
[04:25:00] [Server thread/INFO]: [male]
[04:25:00] [Server thread/INFO]: [female]
[04:25:00] [Server thread/INFO]: [female]
[04:25:00] [Server thread/INFO]: [female]
[04:25:00] [Server thread/INFO]: [female]
[04:25:09] [Server thread/INFO]: omen_56 has made the advancement [We Need to Go Deeper]
[04:25:09] [Server thread/INFO]: [omen_56: Teleported omen_56 to coghcogh]
[04:25:16] [Server thread/INFO]: [female]
[04:25:16] [Server thread/INFO]: [male]
[04:25:16] [Server thread/INFO]: [female]
[04:25:16] [Server thread/INFO]: [female]
[04:25:16] [Server thread/INFO]: [female]
[04:25:16] [Server thread/INFO]: [female]
[04:25:19] [Server thread/INFO]: Pinggu_Penggu has made the advancement [We Need to Go Deeper]
[04:25:19] [Server thread/INFO]: [Pinggu_Penggu: Teleported Pinggu_Penggu to coghcogh]
[04:25:58] [Server thread/INFO]: [male]
[04:25:58] [Server thread/INFO]: [male]
[04:25:58] [Server thread/INFO]: [female]
[04:25:58] [Server thread/INFO]: [female]
[04:25:58] [Server thread/INFO]: [male]
[04:25:58] [Server thread/INFO]: [male]
[04:25:59] [Server thread/INFO]: [male]
[04:25:59] [Server thread/INFO]: [female, gyarados-eye-color-red]
[04:25:59] [Server thread/INFO]: [male]
[04:25:59] [Server thread/INFO]: [male]
[04:25:59] [Server thread/INFO]: [female]
[04:26:06] [Server thread/INFO]: [female]
[04:26:06] [Server thread/INFO]: [male]
[04:26:06] [Server thread/INFO]: [female]
[04:26:06] [Server thread/INFO]: [female]
[04:26:06] [Server thread/INFO]: [female]
[04:26:06] [Server thread/INFO]: [female]
[04:26:25] [Server thread/INFO]: [female]
[04:26:25] [Server thread/INFO]: [male]
[04:26:25] [Server thread/INFO]: [female]
[04:26:25] [Server thread/INFO]: [female]
[04:26:25] [Server thread/INFO]: [female]
[04:26:25] [Server thread/INFO]: [female]
[04:26:27] [Server thread/INFO]: [male]
[04:26:27] [Server thread/INFO]: [male]
[04:26:27] [Server thread/INFO]: [male]
[04:26:27] [Server thread/INFO]: [male]
[04:26:27] [Server thread/INFO]: [female]
[04:26:27] [Server thread/INFO]: [female]
[04:26:53] [Server thread/INFO]: [male]
[04:26:53] [Server thread/INFO]: [male]
[04:26:53] [Server thread/INFO]: [male]
[04:26:53] [Server thread/INFO]: [female]
[04:26:54] [Server thread/INFO]: coghcogh has made the advancement [Those Were the Days]
[04:26:57] [Server thread/INFO]: No battle could be found with the id: 74d83582-8512-4773-b729-4b3f575f236d
[04:26:57] [Server thread/INFO]: No battle could be found with the id: 74d83582-8512-4773-b729-4b3f575f236d
[04:27:02] [Server thread/INFO]: [female]
[04:27:02] [Server thread/INFO]: [male]
[04:27:02] [Server thread/INFO]: [female]
[04:27:02] [Server thread/INFO]: [female]
[04:27:02] [Server thread/INFO]: [female]
[04:27:02] [Server thread/INFO]: [female]
[04:27:04] [Server thread/INFO]: [omen_56: Teleported omen_56 to coghcogh]
[04:27:04] [Server thread/WARN]: omen_56 moved too quickly! -141.04200332645974,-23.0,42.4968631471272
[04:27:05] [Server thread/INFO]: omen_56 has made the advancement [Those Were the Days]
[04:27:11] [Server thread/INFO]: [male]
[04:27:11] [Server thread/INFO]: [male]
[04:27:11] [Server thread/INFO]: [male]
[04:27:11] [Server thread/INFO]: [male]
[04:27:11] [Server thread/INFO]: [female]
[04:27:11] [Server thread/INFO]: [female]
[04:27:14] [Server thread/INFO]: [female]
[04:27:14] [Server thread/INFO]: [male]
[04:27:14] [Server thread/INFO]: [female]
[04:27:14] [Server thread/INFO]: [female]
[04:27:14] [Server thread/INFO]: [female]
[04:27:14] [Server thread/INFO]: [female]
[04:27:29] [Server thread/INFO]: [male]
[04:27:29] [Server thread/INFO]: [male]
[04:27:29] [Server thread/INFO]: [male]
[04:27:29] [Server thread/INFO]: [female]
[04:27:45] [Server thread/INFO]: [female]
[04:27:45] [Server thread/INFO]: [male]
[04:27:45] [Server thread/INFO]: [female]
[04:27:45] [Server thread/INFO]: [female]
[04:27:45] [Server thread/INFO]: [female]
[04:27:45] [Server thread/INFO]: [female]
[04:27:57] [Server thread/INFO]: No battle could be found with the id: 11e15381-0a19-42d4-b003-394ae48368bf
[04:27:57] [Server thread/INFO]: No battle could be found with the id: 11e15381-0a19-42d4-b003-394ae48368bf
[04:28:14] [Server thread/INFO]: [gunieaross: Teleported gunieaross to -510.500000, 64.500000, -906.500000]
[04:28:14] [Server thread/WARN]: gunieaross moved too quickly! -253.0164696386886,-0.5,-339.0747868360364
[04:28:14] [Server thread/WARN]: gunieaross moved too quickly! -253.0164696386886,-0.5,-339.0747868360364
[04:28:21] [Server thread/INFO]: omen_56 has made the advancement [War Pigs]
[04:28:25] [Server thread/INFO]: [female]
[04:28:25] [Server thread/INFO]: [male]
[04:28:25] [Server thread/INFO]: [female]
[04:28:25] [Server thread/INFO]: [female]
[04:28:25] [Server thread/INFO]: [female]
[04:28:25] [Server thread/INFO]: [female]
[04:28:25] [Server thread/INFO]: omen_56 has made the advancement [Who is Cutting Onions?]
[04:28:33] [Server thread/INFO]: omen_56 has made the advancement [Ice Bucket Challenge]
[04:28:34] [Server thread/INFO]: omen_56 has made the advancement [Hidden in the Depths]
[04:28:40] [Server thread/INFO]: [male]
[04:28:40] [Server thread/INFO]: [male]
[04:28:40] [Server thread/INFO]: [male]
[04:28:40] [Server thread/INFO]: [female]
[04:28:45] [Server thread/INFO]: [female]
[04:28:45] [Server thread/INFO]: [male]
[04:28:45] [Server thread/INFO]: [female]
[04:28:45] [Server thread/INFO]: [female]
[04:28:45] [Server thread/INFO]: [female]
[04:28:45] [Server thread/INFO]: [female]
[04:29:11] [Server thread/INFO]: [female]
[04:29:11] [Server thread/INFO]: [male]
[04:29:11] [Server thread/INFO]: [female]
[04:29:11] [Server thread/INFO]: [female]
[04:29:11] [Server thread/INFO]: [female]
[04:29:11] [Server thread/INFO]: [female]
[04:29:29] [Server thread/INFO]: [Pinggu_Penggu: Teleported Pinggu_Penggu to -383.500000, 48.500000, 112.500000]
[04:29:29] [Server thread/WARN]: Pinggu_Penggu moved too quickly! 87.19999998807907,-7.375,112.7776880561845
[04:29:29] [Server thread/WARN]: Pinggu_Penggu moved too quickly! 87.19999998807907,-7.375,112.7776880561845
[04:29:30] [Server thread/INFO]: coghcogh has made the advancement [War Pigs]
[04:29:46] [Server thread/INFO]: [Pinggu_Penggu: Teleported Pinggu_Penggu to -300.500000, 43.500000, 261.500000]
[04:29:46] [Server thread/WARN]: Pinggu_Penggu moved too quickly! 115.79706536191247,-2.5,187.44627644295798
[04:29:46] [Server thread/WARN]: Pinggu_Penggu moved too quickly! 115.79706536191247,-2.5,187.44627644295798
[04:29:46] [Server thread/WARN]: Pinggu_Penggu moved too quickly! 115.79706536191247,-2.5,187.44627644295798
[04:29:46] [Server thread/WARN]: Pinggu_Penggu moved too quickly! 115.79706536191247,-2.5,187.44627644295798
[04:29:47] [Server thread/INFO]: Pinggu_Penggu has made the advancement [Those Were the Days]
[04:30:21] [Server thread/INFO]: Tofu63 was killed
[04:30:21] [Server thread/INFO]: [Tofu63: Killed Tofu63]
[04:30:31] [Server thread/INFO]: [female]
[04:30:31] [Server thread/INFO]: [male]
[04:30:31] [Server thread/INFO]: [female]
[04:30:31] [Server thread/INFO]: [female]
[04:30:31] [Server thread/INFO]: [female]
[04:30:31] [Server thread/INFO]: [female]
[04:30:51] [Server thread/INFO]: Pinggu_Penggu has made the advancement [War Pigs]
[04:31:03] [Server thread/INFO]: [male]
[04:31:03] [Server thread/INFO]: [male]
[04:31:03] [Server thread/INFO]: [male]
[04:31:03] [Server thread/INFO]: [male]
[04:31:03] [Server thread/INFO]: [female]
[04:31:03] [Server thread/INFO]: [female]
[04:31:37] [Server thread/INFO]: [omen_56: Teleported omen_56 to Pinggu_Penggu]
[04:31:37] [Server thread/WARN]: omen_56 moved too quickly! 178.44415052164038,-33.0,165.96350443833603
[04:31:37] [Server thread/WARN]: omen_56 moved too quickly! 178.44415052164038,-33.0,165.96350443833603
[04:31:39] [Server thread/INFO]: [female]
[04:31:39] [Server thread/INFO]: [male]
[04:31:39] [Server thread/INFO]: [female]
[04:31:39] [Server thread/INFO]: [female]
[04:31:39] [Server thread/INFO]: [female]
[04:31:39] [Server thread/INFO]: [female]
[04:31:41] [Server thread/INFO]: [male]
[04:31:41] [Server thread/INFO]: [male]
[04:31:41] [Server thread/INFO]: [female]
[04:31:41] [Server thread/INFO]: [female]
[04:31:41] [Server thread/INFO]: [male]
[04:31:41] [Server thread/INFO]: [male]
[04:31:49] [Server thread/INFO]: [Pinggu_Penggu: Teleported Pinggu_Penggu to -349.500000, 46.500000, 407.500000]
[04:31:49] [Server thread/WARN]: Pinggu_Penggu moved too quickly! -57.663706454310784,-12.5,139.9436329853986
[04:31:49] [Server thread/WARN]: Pinggu_Penggu moved too quickly! -57.663706454310784,-12.5,139.9436329853986
[04:31:51] [Server thread/INFO]: No battle could be found with the id: 6c4bf573-e9ae-442c-9004-b6e504d1e156
[04:31:51] [Server thread/INFO]: No battle could be found with the id: 6c4bf573-e9ae-442c-9004-b6e504d1e156
[04:32:02] [Server thread/INFO]: Young_Mini was killed
[04:32:02] [Server thread/INFO]: [Young_Mini: Killed Young_Mini]
[04:32:11] [Server thread/INFO]: [Pinggu_Penggu: Teleported Pinggu_Penggu to -350.500000, 42.500000, 474.500000]
[04:32:11] [Server thread/WARN]: Pinggu_Penggu moved too quickly! 64.86805832951705,2.5,56.19999998807907
[04:32:11] [Server thread/WARN]: Pinggu_Penggu moved too quickly! 64.86805832951705,2.5,56.19999998807907
[04:32:11] [Server thread/WARN]: Pinggu_Penggu moved too quickly! 64.86805832951705,2.5,56.19999998807907
[04:32:17] [Server thread/INFO]: [Pinggu_Penggu: Teleported Pinggu_Penggu to -266.500000, 43.500000, 617.500000]
[04:32:17] [Server thread/WARN]: Pinggu_Penggu moved too quickly! 84.0,1.5,143.0
[04:32:17] [Server thread/WARN]: Pinggu_Penggu moved too quickly! 84.0,1.5,143.0
[04:32:17] [Server thread/WARN]: Pinggu_Penggu moved too quickly! 84.0,1.5,143.0
[04:32:28] [Server thread/INFO]: [Pinggu_Penggu: Teleported Pinggu_Penggu to -405.500000, 32.500000, 662.500000]
[04:32:31] [Server thread/INFO]: Tofu63 lost connection: Disconnected
[04:32:31] [Server thread/INFO]: Tofu63 left the game
[04:32:32] [Server thread/INFO]: Young_Mini lost connection: Disconnected
[04:32:32] [Server thread/INFO]: Young_Mini left the game
[04:32:34] [Server thread/INFO]: gunieaross lost connection: Disconnected
[04:32:34] [Server thread/INFO]: gunieaross left the game
[04:32:35] [Server thread/INFO]: omen_56 lost connection: Disconnected
[04:32:35] [Server thread/INFO]: omen_56 left the game
