[04:18:05] [main/INFO] ========================================
[04:18:05] [main/INFO] Minecraft: 1.21.1
[04:18:05] [main/INFO] Side: server
[04:18:05] [main/INFO] Development: false
[04:18:05] [main/INFO] Version: 16.0.788
[04:18:05] [main/INFO] Loader:
[04:18:05] [main/INFO] - Fabric: 0.16.10
[04:18:05] [main/INFO] - Fabric API: 0.115.0+1.21.1
[04:18:05] [main/INFO] Dependencies:
[04:18:05] [main/INFO] - Cloth Config: 15.0.140
[04:18:05] [main/INFO] - Architectury: 13.0.8
[04:18:05] [main/INFO] Mixin: 0.8.7
[04:18:05] [main/INFO] OS: Windows 11 10.0 (amd64)
[04:18:05] [main/INFO] Java: 21.0.6 (Eclipse Adoptium)
[04:18:05] [main/INFO] ========================================
[04:18:05] [main/INFO] Mods:
[04:18:05] [main/INFO] - almanac: 1.0.2
[04:18:05] [main/INFO] - appleskin: 3.0.6+mc1.21
[04:18:05] [main/INFO] - architectury: 13.0.8
[04:18:05] [main/INFO] - balm-fabric: 21.0.23
[04:18:05] [main/INFO] - bedrockify: 1.10.1+mc1.21
[04:18:05] [main/INFO] - betteradvancements: 0.4.3.21
[04:18:05] [main/INFO] - blue_endless_jankson: 1.2.3
[04:18:05] [main/INFO] - bookshelf: 21.1.43
[04:18:05] [main/INFO] - bwncr: 3.20.1
[04:18:05] [main/INFO] - cardinal-components-base: 6.1.0
[04:18:05] [main/INFO] - cardinal-components-entity: 6.1.0
[04:18:05] [main/INFO] - cicada: 0.10.2+1.21-1.21.1
[04:18:05] [main/INFO] - cloth-basic-math: 0.6.1
[04:18:05] [main/INFO] - cloth-config: 15.0.140
[04:18:05] [main/INFO] - cloth-config: 15.0.140
[04:18:05] [main/INFO] - clumps: 19.0.0.1
[04:18:05] [main/INFO] - cobblemon: 1.6.1+1.21.1
[04:18:05] [main/INFO] - cobblemon_smartphone: 1.0.2
[04:18:05] [main/INFO] - cobblemon_spawn_notification: 1.6-fabric-1.2.1
[04:18:05] [main/INFO] - cobblemonridingfabric: 1.3.7
[04:18:05] [main/INFO] - collective: 7.87
[04:18:05] [main/INFO] - com_electronwill_night-config_core: 3.8.0
[04:18:05] [main/INFO] - com_electronwill_night-config_toml: 3.8.0
[04:18:05] [main/INFO] - com_github_keksuccino_japng: 0.5.3
[04:18:05] [main/INFO] - com_github_rtyley_animated-gif-lib-for-java: animated-gif-lib-1.7
[04:18:05] [main/INFO] - com_moandjiezana_toml_toml4j: 0.7.2
[04:18:05] [main/INFO] - com_teamresourceful_bytecodecs: 1.1.0
[04:18:05] [main/INFO] - com_teamresourceful_yabn: 1.0.3
[04:18:05] [main/INFO] - com_twelvemonkeys_common_common-image: 3.12.0
[04:18:05] [main/INFO] - com_twelvemonkeys_common_common-io: 3.12.0
[04:18:05] [main/INFO] - com_twelvemonkeys_common_common-lang: 3.12.0
[04:18:05] [main/INFO] - com_twelvemonkeys_imageio_imageio-core: 3.12.0
[04:18:05] [main/INFO] - com_twelvemonkeys_imageio_imageio-metadata: 3.12.0
[04:18:05] [main/INFO] - com_twelvemonkeys_imageio_imageio-webp: 3.12.0
[04:18:05] [main/INFO] - com_velocitypowered_velocity-native: 3.3.0-SNAPSHOT
[04:18:05] [main/INFO] - craftingtweaks: 21.1.5
[04:18:05] [main/INFO] - dismountentity: 3.5
[04:18:05] [main/INFO] - dynamiccrosshair: 9.3
[04:18:05] [main/INFO] - dynamiccrosshair-api: 1.1
[04:18:05] [main/INFO] - entityculling: 1.7.2
[04:18:05] [main/INFO] - error_notifier: 1.0.11
[04:18:05] [main/INFO] - fabric-api: 0.115.0+1.21.1
[04:18:05] [main/INFO] - fabric-api: 0.115.0+1.21.1
[04:18:05] [main/INFO] - fabric-api-base: 0.4.42+6573ed8c19
[04:18:05] [main/INFO] - fabric-api-lookup-api-v1: 1.6.70+b559734419
[04:18:05] [main/INFO] - fabric-biome-api-v1: 13.0.31+d527f9fd19
[04:18:05] [main/INFO] - fabric-block-api-v1: 1.0.22+0af3f5a719
[04:18:05] [main/INFO] - fabric-block-view-api-v2: 1.0.10+6573ed8c19
[04:18:05] [main/INFO] - fabric-command-api-v1: 1.2.49+f71b366f19
[04:18:05] [main/INFO] - fabric-command-api-v2: 2.2.28+6ced4dd919
[04:18:05] [main/INFO] - fabric-commands-v0: 0.2.66+df3654b319
[04:18:05] [main/INFO] - fabric-content-registries-v0: 8.0.18+b559734419
[04:18:05] [main/INFO] - fabric-convention-tags-v1: 2.1.2+7f945d5b19
[04:18:05] [main/INFO] - fabric-convention-tags-v2: 2.9.2+e60e56d419
[04:18:05] [main/INFO] - fabric-crash-report-info-v1: 0.2.29+0af3f5a719
[04:18:05] [main/INFO] - fabric-data-attachment-api-v1: 1.4.1+9ed317f519
[04:18:05] [main/INFO] - fabric-data-generation-api-v1: 20.2.25+16c4ae2519
[04:18:05] [main/INFO] - fabric-dimensions-v1: 4.0.0+6fc22b9919
[04:18:05] [main/INFO] - fabric-entity-events-v1: 1.7.0+2122d82819
[04:18:05] [main/INFO] - fabric-events-interaction-v0: 0.7.13+ba9dae0619
[04:18:05] [main/INFO] - fabric-game-rule-api-v1: 1.0.53+6ced4dd919
[04:18:05] [main/INFO] - fabric-item-api-v1: 11.1.1+d5debaed19
[04:18:05] [main/INFO] - fabric-item-group-api-v1: 4.1.6+6823f7cd19
[04:18:05] [main/INFO] - fabric-language-kotlin: 1.11.0+kotlin.2.0.0
[04:18:05] [main/INFO] - fabric-lifecycle-events-v1: 2.5.0+01d9a51c19
[04:18:05] [main/INFO] - fabric-loot-api-v2: 3.0.15+3f89f5a519
[04:18:05] [main/INFO] - fabric-loot-api-v3: 1.0.3+3f89f5a519
[04:18:05] [main/INFO] - fabric-message-api-v1: 6.0.13+6573ed8c19
[04:18:05] [main/INFO] - fabric-networking-api-v1: 4.3.0+c7469b2119
[04:18:05] [main/INFO] - fabric-object-builder-api-v1: 15.2.1+40875a9319
[04:18:05] [main/INFO] - fabric-particles-v1: 4.0.2+6573ed8c19
[04:18:05] [main/INFO] - fabric-recipe-api-v1: 5.0.14+248df81c19
[04:18:05] [main/INFO] - fabric-registry-sync-v0: 5.2.0+34f5d91419
[04:18:05] [main/INFO] - fabric-rendering-data-attachment-v1: 0.3.48+73761d2e19
[04:18:05] [main/INFO] - fabric-rendering-fluids-v1: 3.1.6+1daea21519
[04:18:05] [main/INFO] - fabric-resource-conditions-api-v1: 4.3.0+8dc279b119
[04:18:05] [main/INFO] - fabric-resource-loader-v0: 1.3.1+5b5275af19
[04:18:05] [main/INFO] - fabric-screen-handler-api-v1: 1.3.88+b559734419
[04:18:05] [main/INFO] - fabric-transfer-api-v1: 5.4.2+c24bd99419
[04:18:05] [main/INFO] - fabric-transitive-access-wideners-v1: 6.2.0+45b9699719
[04:18:05] [main/INFO] - fabricloader: 0.16.10
[04:18:05] [main/INFO] - fancymenu: 3.3.2
[04:18:05] [main/INFO] - ferritecore: 7.0.2-hotfix
[04:18:05] [main/INFO] - forgeconfigapiport: 21.1.1
[04:18:05] [main/INFO] - highlight: 3.0.0
[04:18:05] [main/INFO] - iceberg: 1.2.9.2
[04:18:05] [main/INFO] - io_wispforest_endec: 0.1.5
[04:18:05] [main/INFO] - io_wispforest_endec_gson: 0.1.3
[04:18:05] [main/INFO] - io_wispforest_endec_jankson: 0.1.3
[04:18:05] [main/INFO] - io_wispforest_endec_netty: 0.1.2
[04:18:05] [main/INFO] - jankson: 8.0.0+j1.2.3
[04:18:05] [main/INFO] - java: 21
[04:18:05] [main/INFO] - konkrete: 1.9.9
[04:18:05] [main/INFO] - krypton: 0.2.8
[04:18:05] [main/INFO] - kuma_api: 21.0.5-SNAPSHOT
[04:18:05] [main/INFO] - letmedespawn: 1.4.4
[04:18:05] [main/INFO] - libgui: 11.0.0+1.21
[04:18:05] [main/INFO] - libninepatch: 1.2.0
[04:18:05] [main/INFO] - lithium: 0.14.7+mc1.21.1
[04:18:05] [main/INFO] - mega_showdown: 8.0.0-release-fabric
[04:18:05] [main/INFO] - melody: 1.0.10
[04:18:05] [main/INFO] - minecraft: 1.21.1
[04:18:05] [main/INFO] - mixinextras: 0.4.1
[04:18:05] [main/INFO] - monsters_in_the_closet: 1.0.3+1.21
[04:18:05] [main/INFO] - mr_tims_ultimatelycomprehensivecobblemoneditsofdestiny: 1.6.1-1
[04:18:05] [main/INFO] - mythsandlegends: 1.7.2
[04:18:05] [main/INFO] - netherportalfix: 21.1.1
[04:18:05] [main/INFO] - notenoughanimations: 1.9.1
[04:18:05] [main/INFO] - org_jetbrains_kotlin_kotlin-reflect: 2.0.0
[04:18:05] [main/INFO] - org_jetbrains_kotlin_kotlin-stdlib: 2.0.0
[04:18:05] [main/INFO] - org_jetbrains_kotlin_kotlin-stdlib-jdk7: 2.0.0
[04:18:05] [main/INFO] - org_jetbrains_kotlin_kotlin-stdlib-jdk8: 2.0.0
[04:18:05] [main/INFO] - org_jetbrains_kotlinx_atomicfu-jvm: 0.24.0
[04:18:05] [main/INFO] - org_jetbrains_kotlinx_kotlinx-coroutines-core-jvm: 1.8.1
[04:18:05] [main/INFO] - org_jetbrains_kotlinx_kotlinx-coroutines-jdk8: 1.8.1
[04:18:05] [main/INFO] - org_jetbrains_kotlinx_kotlinx-datetime-jvm: 0.6.0
[04:18:05] [main/INFO] - org_jetbrains_kotlinx_kotlinx-serialization-cbor-jvm: 1.6.3
[04:18:05] [main/INFO] - org_jetbrains_kotlinx_kotlinx-serialization-core-jvm: 1.6.3
[04:18:05] [main/INFO] - org_jetbrains_kotlinx_kotlinx-serialization-json-jvm: 1.6.3
[04:18:05] [main/INFO] - org_quiltmc_parsers_gson: 0.2.1
[04:18:05] [main/INFO] - org_quiltmc_parsers_json: 0.2.1
[04:18:05] [main/INFO] - owo: 0.12.15+1.21
[04:18:05] [main/INFO] - prickle: 21.1.6
[04:18:05] [main/INFO] - resourcefullib: 3.0.1
[04:18:05] [main/INFO] - roughlyenoughitems: 16.0.788
[04:18:05] [main/INFO] - show-held-items: 0.2.1
[04:18:05] [main/INFO] - showmeyourskin: 1.11.3+1.21
[04:18:05] [main/INFO] - shulkerboxtooltip: 5.1.2+1.21.1
[04:18:05] [main/INFO] - slimyfloor: 1.21-1.3.2
[04:18:05] [main/INFO] - sodiumleafculling: 1.0.0
[04:18:05] [main/INFO] - stendhal: 1.4.1-1.21
[04:18:05] [main/INFO] - superflatworldnoslimes: 3.4
[04:18:05] [main/INFO] - supermartijn642configlib: 1.1.8
[04:18:05] [main/INFO] - swingthrough: 1.0.5+1.21
[04:18:05] [main/INFO] - trinkets: 3.10.0
[04:18:05] [main/INFO] - txnilib: 1.0.21
[04:18:05] [main/INFO] - xaerominimap: 25.0.0
[04:18:05] [main/INFO] - xaeroworldmap: 1.39.2
[04:18:05] [main/INFO] - yet_another_config_lib_v3: 3.6.2+1.21-fabric
[04:18:05] [main/INFO] - yosbr: 0.1.2
[04:18:05] [main/INFO] ========================================
[04:18:05] [main/INFO] [REI] Registered plugin provider DefaultPlugin [roughlyenoughitems] for REIPlugin
[04:18:05] [main/INFO] [REI] Registered plugin provider DefaultRuntimePlugin [roughlyenoughitems] for REIPlugin
[04:18:05] [main/INFO] [REI] Registered plugin provider DefaultPlugin [roughlyenoughitems] for REIServerPlugin
[04:18:05] [main/INFO] [REI] Registered plugin provider DefaultRuntimePlugin [roughlyenoughitems] for REIServerPlugin
[04:18:05] [main/INFO] [REI] Registered plugin provider FabricFluidAPISupportPlugin for REIServerPlugin
[04:18:05] [main/INFO] [REI] Registered plugin provider FabricFluidAPISupportPlugin for REIPlugin
[04:18:06] [Worker-Main-3/DEBUG] [REI] Processed 3 tags in 425.3 μs for minecraft:point_of_interest_type
[04:18:06] [Worker-Main-8/DEBUG] [REI] Processed 43 tags in 205.4 μs for minecraft:entity_type[04:18:06] [Worker-Main-4/DEBUG] [REI] Processed 2 tags in 514.4 μs for minecraft:cat_variant
[04:18:06] [Worker-Main-1/DEBUG] [REI] Processed 5 tags in 500.1 μs for minecraft:game_event
[04:18:06] [Worker-Main-11/DEBUG] [REI] Processed 0 tags in 8.900 μs for minecraft:worldgen/structure

[04:18:06] [Worker-Main-7/DEBUG] [REI] Processed 0 tags in 8.800 μs for minecraft:damage_type
[04:18:06] [Worker-Main-5/DEBUG] [REI] Processed 5 tags in 460.5 μs for minecraft:fluid
[04:18:06] [Worker-Main-9/DEBUG] [REI] Processed 0 tags in 19.40 μs for minecraft:worldgen/flat_level_generator_preset
[04:18:06] [Worker-Main-7/DEBUG] [REI] Processed 0 tags in 2.500 μs for minecraft:worldgen/world_preset
[04:18:06] [Worker-Main-11/DEBUG] [REI] Processed 0 tags in 3.300 μs for minecraft:banner_pattern
[04:18:06] [Worker-Main-5/DEBUG] [REI] Processed 0 tags in 2.100 μs for minecraft:painting_variant
[04:18:06] [Worker-Main-1/DEBUG] [REI] Processed 3 tags in 15.50 μs for minecraft:instrument
[04:18:06] [Worker-Main-3/DEBUG] [REI] Processed 0 tags in 8.600 μs for minecraft:enchantment
[04:18:06] [Worker-Main-10/DEBUG] [REI] Processed 0 tags in 121.9 μs for minecraft:worldgen/biome
[04:18:06] [Worker-Main-2/DEBUG] [REI] Processed 341 tags in 1.317 ms for minecraft:block
[04:18:06] [Worker-Main-6/DEBUG] [REI] Processed 476 tags in 2.342 ms for minecraft:item
[04:18:10] [main/DEBUG] [REI] Starting Reload Plugins of stage null
java.lang.Throwable
	at knot//me.shedaniel.rei.impl.common.plugins.ReloadManagerImpl.reloadPlugins(ReloadManagerImpl.java:110)
	at knot//me.shedaniel.rei.RoughlyEnoughItemsCore.lambda$onInitialize$5(RoughlyEnoughItemsCore.java:163)
	at java.base/java.util.concurrent.CompletableFuture$UniRun.tryFire(CompletableFuture.java:787)
	at java.base/java.util.concurrent.CompletableFuture$Completion.run(CompletableFuture.java:482)
	at knot//net.minecraft.class_4014.method_18365(class_4014.java:69)
	at knot//net.minecraft.class_156.method_43498(class_156.java:1024)
	at knot//net.minecraft.class_156.method_43499(class_156.java:1012)
	at knot//net.minecraft.server.Main.main(Main.java:182)
	at net.fabricmc.loader.impl.game.minecraft.MinecraftGameProvider.launch(MinecraftGameProvider.java:480)
	at net.fabricmc.loader.impl.launch.knot.Knot.launch(Knot.java:74)
	at net.fabricmc.loader.impl.launch.knot.KnotServer.main(KnotServer.java:23)
	at net.fabricmc.loader.impl.launch.server.FabricServerLauncher.main(FabricServerLauncher.java:69)
[04:18:10] [main/DEBUG] [REI] ========================================
[04:18:10] [main/DEBUG] [REI] REIPlugin starting pre-reload for START.
[04:18:10] [main/DEBUG] [REI] Reloadables (7):
[04:18:10] [main/DEBUG] [REI]  - EntryTypeRegistryImpl
[04:18:10] [main/DEBUG] [REI]  - EntrySettingsAdapterRegistryImpl
[04:18:10] [main/DEBUG] [REI]  - RecipeManagerContextImpl
[04:18:10] [main/DEBUG] [REI]  - ItemComparatorRegistryImpl
[04:18:10] [main/DEBUG] [REI]  - FluidComparatorRegistryImpl
[04:18:10] [main/DEBUG] [REI]  - DisplaySerializerRegistryImpl
[04:18:10] [main/DEBUG] [REI]  - FluidSupportProviderImpl
[04:18:10] [main/DEBUG] [REI] Plugins (3):
[04:18:10] [main/DEBUG] [REI]  - (-100.00) DefaultPlugin of DefaultPlugin [roughlyenoughitems]
[04:18:10] [main/DEBUG] [REI]  - (0.00) FabricFluidAPISupportPlugin
[04:18:10] [main/DEBUG] [REI]  - (0.00) DefaultRuntimePlugin of DefaultRuntimePlugin [roughlyenoughitems]
[04:18:10] [main/DEBUG] [REI] ========================================
[04:18:10] [main/TRACE] [REI] [REIPlugin START] Reloading Section: "pre-register/"
[04:18:10] [main/TRACE] [REI] [REIPlugin START] Reloading Section: "pre-register/DefaultPlugin of DefaultPlugin [roughlyenoughitems]/"
[04:18:10] [main/TRACE] [REI] [REIPlugin START] Reloading Section: "pre-register/DefaultPlugin of DefaultPlugin [roughlyenoughitems]/" done in 707.6 μs
[04:18:10] [main/TRACE] [REI] [REIPlugin START] Reloading Section: "pre-register/FabricFluidAPISupportPlugin/"
[04:18:10] [main/TRACE] [REI] [REIPlugin START] Reloading Section: "pre-register/FabricFluidAPISupportPlugin/" done in 35.20 μs
[04:18:10] [main/TRACE] [REI] [REIPlugin START] Reloading Section: "pre-register/DefaultRuntimePlugin of DefaultRuntimePlugin [roughlyenoughitems]/"
[04:18:10] [main/TRACE] [REI] [REIPlugin START] Reloading Section: "pre-register/DefaultRuntimePlugin of DefaultRuntimePlugin [roughlyenoughitems]/" done in 19.30 μs
[04:18:10] [main/TRACE] [REI] [REIPlugin START] Reloading Section: "pre-register/" done in 8.009 ms
[04:18:10] [main/TRACE] [REI] [REIPlugin START] Reloading Section: "pre-stage/"
[04:18:10] [main/TRACE] [REI] [REIPlugin START] Reloading Section: "pre-stage/EntryTypeRegistryImpl/"
[04:18:10] [main/TRACE] [REI] [REIPlugin START] Reloading Section: "pre-stage/EntryTypeRegistryImpl/" done in 121.2 μs
[04:18:10] [main/TRACE] [REI] [REIPlugin START] Reloading Section: "pre-stage/EntrySettingsAdapterRegistryImpl/"
[04:18:10] [main/TRACE] [REI] [REIPlugin START] Reloading Section: "pre-stage/EntrySettingsAdapterRegistryImpl/" done in 19.70 μs
[04:18:10] [main/TRACE] [REI] [REIPlugin START] Reloading Section: "pre-stage/RecipeManagerContextImpl/"
[04:18:10] [main/TRACE] [REI] [REIPlugin START] Reloading Section: "pre-stage/RecipeManagerContextImpl/" done in 15.70 μs
[04:18:10] [main/TRACE] [REI] [REIPlugin START] Reloading Section: "pre-stage/ItemComparatorRegistryImpl/"
[04:18:10] [main/TRACE] [REI] [REIPlugin START] Reloading Section: "pre-stage/ItemComparatorRegistryImpl/" done in 13.60 μs
[04:18:10] [main/TRACE] [REI] [REIPlugin START] Reloading Section: "pre-stage/FluidComparatorRegistryImpl/"
[04:18:10] [main/TRACE] [REI] [REIPlugin START] Reloading Section: "pre-stage/FluidComparatorRegistryImpl/" done in 13.00 μs
[04:18:10] [main/TRACE] [REI] [REIPlugin START] Reloading Section: "pre-stage/DisplaySerializerRegistryImpl/"
[04:18:10] [main/TRACE] [REI] [REIPlugin START] Reloading Section: "pre-stage/DisplaySerializerRegistryImpl/" done in 12.40 μs
[04:18:10] [main/TRACE] [REI] [REIPlugin START] Reloading Section: "pre-stage/FluidSupportProviderImpl/"
[04:18:10] [main/TRACE] [REI] [REIPlugin START] Reloading Section: "pre-stage/FluidSupportProviderImpl/" done in 12.90 μs
[04:18:10] [main/TRACE] [REI] [REIPlugin START] Reloading Section: "pre-stage/" done in 489.3 μs
[04:18:10] [main/DEBUG] [REI] ========================================
[04:18:10] [main/DEBUG] [REI] REIPlugin finished pre-reload for START in 8.761 ms.
[04:18:10] [main/DEBUG] [REI] ========================================
[04:18:10] [main/DEBUG] [REI] ========================================
[04:18:10] [main/DEBUG] [REI] REIServerPlugin starting pre-reload for START.
[04:18:10] [main/DEBUG] [REI] Reloadables (2):
[04:18:10] [main/DEBUG] [REI]  - MenuInfoRegistryImpl
[04:18:10] [main/DEBUG] [REI]  - SlotAccessorRegistryImpl
[04:18:10] [main/DEBUG] [REI] Plugins (3):
[04:18:10] [main/DEBUG] [REI]  - (-100.00) DefaultPlugin of DefaultPlugin [roughlyenoughitems]
[04:18:10] [main/DEBUG] [REI]  - (0.00) FabricFluidAPISupportPlugin
[04:18:10] [main/DEBUG] [REI]  - (0.00) DefaultRuntimePlugin of DefaultRuntimePlugin [roughlyenoughitems]
[04:18:10] [main/DEBUG] [REI] ========================================
[04:18:10] [main/TRACE] [REI] [REIServerPlugin START] Reloading Section: "pre-register/"
[04:18:10] [main/TRACE] [REI] [REIServerPlugin START] Reloading Section: "pre-register/DefaultPlugin of DefaultPlugin [roughlyenoughitems]/"
[04:18:10] [main/TRACE] [REI] [REIServerPlugin START] Reloading Section: "pre-register/DefaultPlugin of DefaultPlugin [roughlyenoughitems]/" done in 15.90 μs
[04:18:10] [main/TRACE] [REI] [REIServerPlugin START] Reloading Section: "pre-register/FabricFluidAPISupportPlugin/"
[04:18:10] [main/TRACE] [REI] [REIServerPlugin START] Reloading Section: "pre-register/FabricFluidAPISupportPlugin/" done in 16.20 μs
[04:18:10] [main/TRACE] [REI] [REIServerPlugin START] Reloading Section: "pre-register/DefaultRuntimePlugin of DefaultRuntimePlugin [roughlyenoughitems]/"
[04:18:10] [main/TRACE] [REI] [REIServerPlugin START] Reloading Section: "pre-register/DefaultRuntimePlugin of DefaultRuntimePlugin [roughlyenoughitems]/" done in 13.10 μs
[04:18:10] [main/TRACE] [REI] [REIServerPlugin START] Reloading Section: "pre-register/" done in 126.8 μs
[04:18:10] [main/TRACE] [REI] [REIServerPlugin START] Reloading Section: "pre-stage/"
[04:18:10] [main/TRACE] [REI] [REIServerPlugin START] Reloading Section: "pre-stage/MenuInfoRegistryImpl/"
[04:18:10] [main/TRACE] [REI] [REIServerPlugin START] Reloading Section: "pre-stage/MenuInfoRegistryImpl/" done in 12.30 μs
[04:18:10] [main/TRACE] [REI] [REIServerPlugin START] Reloading Section: "pre-stage/SlotAccessorRegistryImpl/"
[04:18:10] [main/TRACE] [REI] [REIServerPlugin START] Reloading Section: "pre-stage/SlotAccessorRegistryImpl/" done in 11.30 μs
[04:18:10] [main/TRACE] [REI] [REIServerPlugin START] Reloading Section: "pre-stage/" done in 68.20 μs
[04:18:10] [main/DEBUG] [REI] ========================================
[04:18:10] [main/DEBUG] [REI] REIServerPlugin finished pre-reload for START in 225.7 μs.
[04:18:10] [main/DEBUG] [REI] ========================================
[04:18:10] [main/INFO] [REI] OOOOOOOOOOOOOOOOOOOOOOOOOOOOOOOOOOOOOOOO
[04:18:10] [main/INFO] [REI] REIPlugin starting main-reload for START.
[04:18:10] [main/DEBUG] [REI] Reloadables (7):
[04:18:10] [main/DEBUG] [REI]  - EntryTypeRegistryImpl
[04:18:10] [main/DEBUG] [REI]  - EntrySettingsAdapterRegistryImpl
[04:18:10] [main/DEBUG] [REI]  - RecipeManagerContextImpl
[04:18:10] [main/DEBUG] [REI]  - ItemComparatorRegistryImpl
[04:18:10] [main/DEBUG] [REI]  - FluidComparatorRegistryImpl
[04:18:10] [main/DEBUG] [REI]  - DisplaySerializerRegistryImpl
[04:18:10] [main/DEBUG] [REI]  - FluidSupportProviderImpl
[04:18:10] [main/INFO] [REI] Plugins (3):
[04:18:10] [main/INFO] [REI]  - (-100.00) DefaultPlugin of DefaultPlugin [roughlyenoughitems]
[04:18:10] [main/INFO] [REI]  - (0.00) FabricFluidAPISupportPlugin
[04:18:10] [main/INFO] [REI]  - (0.00) DefaultRuntimePlugin of DefaultRuntimePlugin [roughlyenoughitems]
[04:18:10] [main/INFO] [REI] OOOOOOOOOOOOOOOOOOOOOOOOOOOOOOOOOOOOOOOO
[04:18:10] [main/TRACE] [REI] [REIPlugin START] Reloading Section: "start-reload/"
[04:18:10] [main/TRACE] [REI] [REIPlugin START] Reloading Section: "start-reload/EntryTypeRegistryImpl/"
[04:18:10] [main/TRACE] [REI] [REIPlugin START] Reloading Section: "start-reload/EntryTypeRegistryImpl/" done in 48.30 μs
[04:18:10] [main/TRACE] [REI] [REIPlugin START] Reloading Section: "start-reload/EntrySettingsAdapterRegistryImpl/"
[04:18:10] [main/TRACE] [REI] [REIPlugin START] Reloading Section: "start-reload/EntrySettingsAdapterRegistryImpl/" done in 18.60 μs
[04:18:10] [main/TRACE] [REI] [REIPlugin START] Reloading Section: "start-reload/RecipeManagerContextImpl/"
[04:18:10] [main/TRACE] [REI] [REIPlugin START] Reloading Section: "start-reload/RecipeManagerContextImpl/" done in 22.20 μs
[04:18:10] [main/TRACE] [REI] [REIPlugin START] Reloading Section: "start-reload/ItemComparatorRegistryImpl/"
[04:18:10] [main/TRACE] [REI] [REIPlugin START] Reloading Section: "start-reload/ItemComparatorRegistryImpl/" done in 28.30 μs
[04:18:10] [main/TRACE] [REI] [REIPlugin START] Reloading Section: "start-reload/FluidComparatorRegistryImpl/"
[04:18:10] [main/TRACE] [REI] [REIPlugin START] Reloading Section: "start-reload/FluidComparatorRegistryImpl/" done in 22.30 μs
[04:18:10] [main/TRACE] [REI] [REIPlugin START] Reloading Section: "start-reload/DisplaySerializerRegistryImpl/"
[04:18:10] [main/TRACE] [REI] [REIPlugin START] Reloading Section: "start-reload/DisplaySerializerRegistryImpl/" done in 16.70 μs
[04:18:10] [main/TRACE] [REI] [REIPlugin START] Reloading Section: "start-reload/FluidSupportProviderImpl/"
[04:18:10] [main/TRACE] [REI] [REIPlugin START] Reloading Section: "start-reload/FluidSupportProviderImpl/" done in 21.20 μs
[04:18:10] [main/TRACE] [REI] [REIPlugin START] Reloading Section: "start-reload/" done in 521.0 μs
[04:18:10] [main/DEBUG] [REI] ========================================
[04:18:10] [main/DEBUG] [REI] REIPlugin started main-reload for START.
[04:18:10] [main/DEBUG] [REI] ========================================
[04:18:10] [main/TRACE] [REI] [REIPlugin START] Reloading Section: "reloadable-plugin/EntryTypeRegistryImpl/"
[04:18:10] [main/TRACE] [REI] [REIPlugin START] Reloading Section: "reloadable-plugin/EntryTypeRegistryImpl/DefaultPlugin of DefaultPlugin [roughlyenoughitems]/"
[04:18:10] [main/TRACE] [REI] [REIPlugin START] Reloading Section: "reloadable-plugin/EntryTypeRegistryImpl/DefaultPlugin of DefaultPlugin [roughlyenoughitems]/" done in 166.5 μs
[04:18:10] [main/TRACE] [REI] [REIPlugin START] Reloading Section: "reloadable-plugin/EntryTypeRegistryImpl/FabricFluidAPISupportPlugin/"
[04:18:10] [main/TRACE] [REI] [REIPlugin START] Reloading Section: "reloadable-plugin/EntryTypeRegistryImpl/FabricFluidAPISupportPlugin/" done in 30.40 μs
[04:18:10] [main/TRACE] [REI] [REIPlugin START] Reloading Section: "reloadable-plugin/EntryTypeRegistryImpl/DefaultRuntimePlugin of DefaultRuntimePlugin [roughlyenoughitems]/"
[04:18:10] [main/TRACE] [REI] [REIPlugin START] Reloading Section: "reloadable-plugin/EntryTypeRegistryImpl/DefaultRuntimePlugin of DefaultRuntimePlugin [roughlyenoughitems]/" done in 5.456 ms
[04:18:10] [main/TRACE] [REI] [REIPlugin START] Reloading Section: "reloadable-plugin/EntryTypeRegistryImpl/" done in 6.508 ms
[04:18:10] [main/TRACE] [REI] [REIPlugin START] Reloading Section: "reloadable-plugin/EntrySettingsAdapterRegistryImpl/"
[04:18:10] [main/TRACE] [REI] [REIPlugin START] Reloading Section: "reloadable-plugin/EntrySettingsAdapterRegistryImpl/DefaultPlugin of DefaultPlugin [roughlyenoughitems]/"
[04:18:10] [main/TRACE] [REI] [REIPlugin START] Reloading Section: "reloadable-plugin/EntrySettingsAdapterRegistryImpl/DefaultPlugin of DefaultPlugin [roughlyenoughitems]/" done in 65.70 μs
[04:18:10] [main/TRACE] [REI] [REIPlugin START] Reloading Section: "reloadable-plugin/EntrySettingsAdapterRegistryImpl/FabricFluidAPISupportPlugin/"
[04:18:10] [main/TRACE] [REI] [REIPlugin START] Reloading Section: "reloadable-plugin/EntrySettingsAdapterRegistryImpl/FabricFluidAPISupportPlugin/" done in 26.00 μs
[04:18:10] [main/TRACE] [REI] [REIPlugin START] Reloading Section: "reloadable-plugin/EntrySettingsAdapterRegistryImpl/DefaultRuntimePlugin of DefaultRuntimePlugin [roughlyenoughitems]/"
[04:18:10] [main/TRACE] [REI] [REIPlugin START] Reloading Section: "reloadable-plugin/EntrySettingsAdapterRegistryImpl/DefaultRuntimePlugin of DefaultRuntimePlugin [roughlyenoughitems]/" done in 49.90 μs
[04:18:10] [main/TRACE] [REI] [REIPlugin START] Reloading Section: "reloadable-plugin/EntrySettingsAdapterRegistryImpl/" done in 360.1 μs
[04:18:10] [main/TRACE] [REI] [REIPlugin START] Reloading Section: "reloadable-plugin/RecipeManagerContextImpl/"
[04:18:10] [main/TRACE] [REI] [REIPlugin START] Reloading Section: "reloadable-plugin/RecipeManagerContextImpl/DefaultPlugin of DefaultPlugin [roughlyenoughitems]/"
[04:18:10] [main/TRACE] [REI] [REIPlugin START] Reloading Section: "reloadable-plugin/RecipeManagerContextImpl/DefaultPlugin of DefaultPlugin [roughlyenoughitems]/" done in 23.80 μs
[04:18:10] [main/TRACE] [REI] [REIPlugin START] Reloading Section: "reloadable-plugin/RecipeManagerContextImpl/FabricFluidAPISupportPlugin/"
[04:18:10] [main/TRACE] [REI] [REIPlugin START] Reloading Section: "reloadable-plugin/RecipeManagerContextImpl/FabricFluidAPISupportPlugin/" done in 14.30 μs
[04:18:10] [main/TRACE] [REI] [REIPlugin START] Reloading Section: "reloadable-plugin/RecipeManagerContextImpl/DefaultRuntimePlugin of DefaultRuntimePlugin [roughlyenoughitems]/"
[04:18:10] [main/TRACE] [REI] [REIPlugin START] Reloading Section: "reloadable-plugin/RecipeManagerContextImpl/DefaultRuntimePlugin of DefaultRuntimePlugin [roughlyenoughitems]/" done in 14.20 μs
[04:18:10] [main/TRACE] [REI] [REIPlugin START] Reloading Section: "reloadable-plugin/RecipeManagerContextImpl/" done in 153.3 μs
[04:18:10] [main/TRACE] [REI] [REIPlugin START] Reloading Section: "reloadable-plugin/ItemComparatorRegistryImpl/"
[04:18:10] [main/TRACE] [REI] [REIPlugin START] Reloading Section: "reloadable-plugin/ItemComparatorRegistryImpl/DefaultPlugin of DefaultPlugin [roughlyenoughitems]/"
[04:18:10] [main/TRACE] [REI] [REIPlugin START] Reloading Section: "reloadable-plugin/ItemComparatorRegistryImpl/DefaultPlugin of DefaultPlugin [roughlyenoughitems]/" done in 456.9 μs
[04:18:10] [main/TRACE] [REI] [REIPlugin START] Reloading Section: "reloadable-plugin/ItemComparatorRegistryImpl/FabricFluidAPISupportPlugin/"
[04:18:10] [main/TRACE] [REI] [REIPlugin START] Reloading Section: "reloadable-plugin/ItemComparatorRegistryImpl/FabricFluidAPISupportPlugin/" done in 20.60 μs
[04:18:10] [main/TRACE] [REI] [REIPlugin START] Reloading Section: "reloadable-plugin/ItemComparatorRegistryImpl/DefaultRuntimePlugin of DefaultRuntimePlugin [roughlyenoughitems]/"
[04:18:10] [main/TRACE] [REI] [REIPlugin START] Reloading Section: "reloadable-plugin/ItemComparatorRegistryImpl/DefaultRuntimePlugin of DefaultRuntimePlugin [roughlyenoughitems]/" done in 15.20 μs
[04:18:10] [main/TRACE] [REI] [REIPlugin START] Reloading Section: "reloadable-plugin/ItemComparatorRegistryImpl/" done in 616.1 μs
[04:18:10] [main/TRACE] [REI] [REIPlugin START] Reloading Section: "reloadable-plugin/FluidComparatorRegistryImpl/"
[04:18:10] [main/TRACE] [REI] [REIPlugin START] Reloading Section: "reloadable-plugin/FluidComparatorRegistryImpl/DefaultPlugin of DefaultPlugin [roughlyenoughitems]/"
[04:18:10] [main/TRACE] [REI] [REIPlugin START] Reloading Section: "reloadable-plugin/FluidComparatorRegistryImpl/DefaultPlugin of DefaultPlugin [roughlyenoughitems]/" done in 20.20 μs
[04:18:10] [main/TRACE] [REI] [REIPlugin START] Reloading Section: "reloadable-plugin/FluidComparatorRegistryImpl/FabricFluidAPISupportPlugin/"
[04:18:10] [main/TRACE] [REI] [REIPlugin START] Reloading Section: "reloadable-plugin/FluidComparatorRegistryImpl/FabricFluidAPISupportPlugin/" done in 14.90 μs
[04:18:10] [main/TRACE] [REI] [REIPlugin START] Reloading Section: "reloadable-plugin/FluidComparatorRegistryImpl/DefaultRuntimePlugin of DefaultRuntimePlugin [roughlyenoughitems]/"
[04:18:10] [main/TRACE] [REI] [REIPlugin START] Reloading Section: "reloadable-plugin/FluidComparatorRegistryImpl/DefaultRuntimePlugin of DefaultRuntimePlugin [roughlyenoughitems]/" done in 13.70 μs
[04:18:10] [main/TRACE] [REI] [REIPlugin START] Reloading Section: "reloadable-plugin/FluidComparatorRegistryImpl/" done in 131.2 μs
[04:18:10] [main/TRACE] [REI] [REIPlugin START] Reloading Section: "reloadable-plugin/DisplaySerializerRegistryImpl/"
[04:18:10] [main/TRACE] [REI] [REIPlugin START] Reloading Section: "reloadable-plugin/DisplaySerializerRegistryImpl/DefaultPlugin of DefaultPlugin [roughlyenoughitems]/"
[04:18:10] [main/TRACE] [REI] [REIPlugin START] Reloading Section: "reloadable-plugin/DisplaySerializerRegistryImpl/DefaultPlugin of DefaultPlugin [roughlyenoughitems]/" done in 17.30 μs
[04:18:10] [main/TRACE] [REI] [REIPlugin START] Reloading Section: "reloadable-plugin/DisplaySerializerRegistryImpl/FabricFluidAPISupportPlugin/"
[04:18:10] [main/TRACE] [REI] [REIPlugin START] Reloading Section: "reloadable-plugin/DisplaySerializerRegistryImpl/FabricFluidAPISupportPlugin/" done in 14.50 μs
[04:18:10] [main/TRACE] [REI] [REIPlugin START] Reloading Section: "reloadable-plugin/DisplaySerializerRegistryImpl/DefaultRuntimePlugin of DefaultRuntimePlugin [roughlyenoughitems]/"
[04:18:10] [main/TRACE] [REI] [REIPlugin START] Reloading Section: "reloadable-plugin/DisplaySerializerRegistryImpl/DefaultRuntimePlugin of DefaultRuntimePlugin [roughlyenoughitems]/" done in 14.50 μs
[04:18:10] [main/TRACE] [REI] [REIPlugin START] Reloading Section: "reloadable-plugin/DisplaySerializerRegistryImpl/" done in 143.6 μs
[04:18:10] [main/TRACE] [REI] [REIPlugin START] Reloading Section: "reloadable-plugin/FluidSupportProviderImpl/"
[04:18:10] [main/TRACE] [REI] [REIPlugin START] Reloading Section: "reloadable-plugin/FluidSupportProviderImpl/DefaultPlugin of DefaultPlugin [roughlyenoughitems]/"
[04:18:10] [main/TRACE] [REI] [REIPlugin START] Reloading Section: "reloadable-plugin/FluidSupportProviderImpl/DefaultPlugin of DefaultPlugin [roughlyenoughitems]/" done in 280.4 μs
[04:18:10] [main/TRACE] [REI] [REIPlugin START] Reloading Section: "reloadable-plugin/FluidSupportProviderImpl/FabricFluidAPISupportPlugin/"
[04:18:10] [main/TRACE] [REI] [REIPlugin START] Reloading Section: "reloadable-plugin/FluidSupportProviderImpl/FabricFluidAPISupportPlugin/" done in 84.60 μs
[04:18:10] [main/TRACE] [REI] [REIPlugin START] Reloading Section: "reloadable-plugin/FluidSupportProviderImpl/DefaultRuntimePlugin of DefaultRuntimePlugin [roughlyenoughitems]/"
[04:18:10] [main/TRACE] [REI] [REIPlugin START] Reloading Section: "reloadable-plugin/FluidSupportProviderImpl/DefaultRuntimePlugin of DefaultRuntimePlugin [roughlyenoughitems]/" done in 17.50 μs
[04:18:10] [main/TRACE] [REI] [REIPlugin START] Reloading Section: "reloadable-plugin/FluidSupportProviderImpl/" done in 505.0 μs
[04:18:10] [main/DEBUG] [REI] ========================================
[04:18:10] [main/DEBUG] [REI] REIPlugin ending main-reload for START.
[04:18:10] [main/DEBUG] [REI] ========================================
[04:18:10] [main/TRACE] [REI] [REIPlugin START] Reloading Section: "end-reload/"
[04:18:10] [main/TRACE] [REI] [REIPlugin START] Reloading Section: "end-reload/EntryTypeRegistryImpl/"
[04:18:10] [main/TRACE] [REI] [REIPlugin START] Reloading Section: "end-reload/EntryTypeRegistryImpl/" done in 20.80 μs
[04:18:10] [main/TRACE] [REI] [REIPlugin START] Reloading Section: "end-reload/EntrySettingsAdapterRegistryImpl/"
[04:18:10] [main/TRACE] [REI] [REIPlugin START] Reloading Section: "end-reload/EntrySettingsAdapterRegistryImpl/" done in 11.70 μs
[04:18:10] [main/TRACE] [REI] [REIPlugin START] Reloading Section: "end-reload/RecipeManagerContextImpl/"
[04:18:10] [main/TRACE] [REI] [REIPlugin START] Reloading Section: "end-reload/RecipeManagerContextImpl/" done in 11.20 μs
[04:18:10] [main/TRACE] [REI] [REIPlugin START] Reloading Section: "end-reload/ItemComparatorRegistryImpl/"
[04:18:10] [main/TRACE] [REI] [REIPlugin START] Reloading Section: "end-reload/ItemComparatorRegistryImpl/" done in 10.80 μs
[04:18:10] [main/TRACE] [REI] [REIPlugin START] Reloading Section: "end-reload/FluidComparatorRegistryImpl/"
[04:18:10] [main/TRACE] [REI] [REIPlugin START] Reloading Section: "end-reload/FluidComparatorRegistryImpl/" done in 12.60 μs
[04:18:10] [main/TRACE] [REI] [REIPlugin START] Reloading Section: "end-reload/DisplaySerializerRegistryImpl/"
[04:18:10] [main/TRACE] [REI] [REIPlugin START] Reloading Section: "end-reload/DisplaySerializerRegistryImpl/" done in 11.40 μs
[04:18:10] [main/TRACE] [REI] [REIPlugin START] Reloading Section: "end-reload/FluidSupportProviderImpl/"
[04:18:10] [main/TRACE] [REI] [REIPlugin START] Reloading Section: "end-reload/FluidSupportProviderImpl/" done in 14.90 μs
[04:18:10] [main/TRACE] [REI] [REIPlugin START] Reloading Section: "end-reload/" done in 247.6 μs
[04:18:10] [main/DEBUG] [REI] ========================================
[04:18:10] [main/DEBUG] [REI] REIPlugin ended main-reload for START in 11.21 ms.
[04:18:10] [main/DEBUG] [REI] ========================================
[04:18:10] [main/INFO] [REI] ~~~~~~~~~~~~~~~~~~~~~~~~~~~~~~~~~~~~~~~~
[04:18:10] [main/INFO] [REI] REIServerPlugin starting main-reload for START.
[04:18:10] [main/DEBUG] [REI] Reloadables (2):
[04:18:10] [main/DEBUG] [REI]  - MenuInfoRegistryImpl
[04:18:10] [main/DEBUG] [REI]  - SlotAccessorRegistryImpl
[04:18:10] [main/INFO] [REI] Plugins (3):
[04:18:10] [main/INFO] [REI]  - (-100.00) DefaultPlugin of DefaultPlugin [roughlyenoughitems]
[04:18:10] [main/INFO] [REI]  - (0.00) FabricFluidAPISupportPlugin
[04:18:10] [main/INFO] [REI]  - (0.00) DefaultRuntimePlugin of DefaultRuntimePlugin [roughlyenoughitems]
[04:18:10] [main/INFO] [REI] ~~~~~~~~~~~~~~~~~~~~~~~~~~~~~~~~~~~~~~~~
[04:18:10] [main/TRACE] [REI] [REIServerPlugin START] Reloading Section: "start-reload/"
[04:18:10] [main/TRACE] [REI] [REIServerPlugin START] Reloading Section: "start-reload/MenuInfoRegistryImpl/"
[04:18:10] [main/TRACE] [REI] [REIServerPlugin START] Reloading Section: "start-reload/MenuInfoRegistryImpl/" done in 23.40 μs
[04:18:10] [main/TRACE] [REI] [REIServerPlugin START] Reloading Section: "start-reload/SlotAccessorRegistryImpl/"
[04:18:10] [main/TRACE] [REI] [REIServerPlugin START] Reloading Section: "start-reload/SlotAccessorRegistryImpl/" done in 13.00 μs
[04:18:10] [main/TRACE] [REI] [REIServerPlugin START] Reloading Section: "start-reload/" done in 122.0 μs
[04:18:10] [main/DEBUG] [REI] ========================================
[04:18:10] [main/DEBUG] [REI] REIServerPlugin started main-reload for START.
[04:18:10] [main/DEBUG] [REI] ========================================
[04:18:10] [main/TRACE] [REI] [REIServerPlugin START] Reloading Section: "reloadable-plugin/MenuInfoRegistryImpl/"
[04:18:10] [main/TRACE] [REI] [REIServerPlugin START] Reloading Section: "reloadable-plugin/MenuInfoRegistryImpl/DefaultPlugin of DefaultPlugin [roughlyenoughitems]/"
[04:18:10] [main/TRACE] [REI] [REIServerPlugin START] Reloading Section: "reloadable-plugin/MenuInfoRegistryImpl/DefaultPlugin of DefaultPlugin [roughlyenoughitems]/" done in 25.50 μs
[04:18:10] [main/TRACE] [REI] [REIServerPlugin START] Reloading Section: "reloadable-plugin/MenuInfoRegistryImpl/FabricFluidAPISupportPlugin/"
[04:18:10] [main/TRACE] [REI] [REIServerPlugin START] Reloading Section: "reloadable-plugin/MenuInfoRegistryImpl/FabricFluidAPISupportPlugin/" done in 28.70 μs
[04:18:10] [main/TRACE] [REI] [REIServerPlugin START] Reloading Section: "reloadable-plugin/MenuInfoRegistryImpl/DefaultRuntimePlugin of DefaultRuntimePlugin [roughlyenoughitems]/"
[04:18:10] [main/TRACE] [REI] [REIServerPlugin START] Reloading Section: "reloadable-plugin/MenuInfoRegistryImpl/DefaultRuntimePlugin of DefaultRuntimePlugin [roughlyenoughitems]/" done in 21.70 μs
[04:18:10] [main/TRACE] [REI] [REIServerPlugin START] Reloading Section: "reloadable-plugin/MenuInfoRegistryImpl/" done in 216.5 μs
[04:18:10] [main/TRACE] [REI] [REIServerPlugin START] Reloading Section: "reloadable-plugin/SlotAccessorRegistryImpl/"
[04:18:10] [main/TRACE] [REI] [REIServerPlugin START] Reloading Section: "reloadable-plugin/SlotAccessorRegistryImpl/DefaultPlugin of DefaultPlugin [roughlyenoughitems]/"
[04:18:10] [main/TRACE] [REI] [REIServerPlugin START] Reloading Section: "reloadable-plugin/SlotAccessorRegistryImpl/DefaultPlugin of DefaultPlugin [roughlyenoughitems]/" done in 13.80 μs
[04:18:10] [main/TRACE] [REI] [REIServerPlugin START] Reloading Section: "reloadable-plugin/SlotAccessorRegistryImpl/FabricFluidAPISupportPlugin/"
[04:18:10] [main/TRACE] [REI] [REIServerPlugin START] Reloading Section: "reloadable-plugin/SlotAccessorRegistryImpl/FabricFluidAPISupportPlugin/" done in 12.00 μs
[04:18:10] [main/TRACE] [REI] [REIServerPlugin START] Reloading Section: "reloadable-plugin/SlotAccessorRegistryImpl/DefaultRuntimePlugin of DefaultRuntimePlugin [roughlyenoughitems]/"
[04:18:10] [main/TRACE] [REI] [REIServerPlugin START] Reloading Section: "reloadable-plugin/SlotAccessorRegistryImpl/DefaultRuntimePlugin of DefaultRuntimePlugin [roughlyenoughitems]/" done in 14.80 μs
[04:18:10] [main/TRACE] [REI] [REIServerPlugin START] Reloading Section: "reloadable-plugin/SlotAccessorRegistryImpl/" done in 118.9 μs
[04:18:10] [main/DEBUG] [REI] ========================================
[04:18:10] [main/DEBUG] [REI] REIServerPlugin ending main-reload for START.
[04:18:10] [main/DEBUG] [REI] ========================================
[04:18:10] [main/TRACE] [REI] [REIServerPlugin START] Reloading Section: "end-reload/"
[04:18:10] [main/TRACE] [REI] [REIServerPlugin START] Reloading Section: "end-reload/MenuInfoRegistryImpl/"
[04:18:10] [main/TRACE] [REI] [REIServerPlugin START] Reloading Section: "end-reload/MenuInfoRegistryImpl/" done in 10.70 μs
[04:18:10] [main/TRACE] [REI] [REIServerPlugin START] Reloading Section: "end-reload/SlotAccessorRegistryImpl/"
[04:18:10] [main/TRACE] [REI] [REIServerPlugin START] Reloading Section: "end-reload/SlotAccessorRegistryImpl/" done in 10.20 μs
[04:18:10] [main/TRACE] [REI] [REIServerPlugin START] Reloading Section: "end-reload/" done in 61.10 μs
[04:18:10] [main/DEBUG] [REI] ========================================
[04:18:10] [main/DEBUG] [REI] REIServerPlugin ended main-reload for START in 2.355 ms.
[04:18:10] [main/DEBUG] [REI] ========================================
[04:18:10] [main/DEBUG] [REI] ========================================
[04:18:10] [main/DEBUG] [REI] REIPlugin starting post-reload for START.
[04:18:10] [main/DEBUG] [REI] Reloadables (7):
[04:18:10] [main/DEBUG] [REI]  - EntryTypeRegistryImpl
[04:18:10] [main/DEBUG] [REI]  - EntrySettingsAdapterRegistryImpl
[04:18:10] [main/DEBUG] [REI]  - RecipeManagerContextImpl
[04:18:10] [main/DEBUG] [REI]  - ItemComparatorRegistryImpl
[04:18:10] [main/DEBUG] [REI]  - FluidComparatorRegistryImpl
[04:18:10] [main/DEBUG] [REI]  - DisplaySerializerRegistryImpl
[04:18:10] [main/DEBUG] [REI]  - FluidSupportProviderImpl
[04:18:10] [main/DEBUG] [REI] Plugins (3):
[04:18:10] [main/DEBUG] [REI]  - (-100.00) DefaultPlugin of DefaultPlugin [roughlyenoughitems]
[04:18:10] [main/DEBUG] [REI]  - (0.00) FabricFluidAPISupportPlugin
[04:18:10] [main/DEBUG] [REI]  - (0.00) DefaultRuntimePlugin of DefaultRuntimePlugin [roughlyenoughitems]
[04:18:10] [main/DEBUG] [REI] ========================================
[04:18:10] [main/TRACE] [REI] [REIPlugin START] Reloading Section: "post-register/"
[04:18:10] [main/TRACE] [REI] [REIPlugin START] Reloading Section: "post-register/DefaultPlugin of DefaultPlugin [roughlyenoughitems]/"
[04:18:10] [main/TRACE] [REI] [REIPlugin START] Reloading Section: "post-register/DefaultPlugin of DefaultPlugin [roughlyenoughitems]/" done in 131.8 μs
[04:18:10] [main/TRACE] [REI] [REIPlugin START] Reloading Section: "post-register/FabricFluidAPISupportPlugin/"
[04:18:10] [main/TRACE] [REI] [REIPlugin START] Reloading Section: "post-register/FabricFluidAPISupportPlugin/" done in 17.90 μs
[04:18:10] [main/TRACE] [REI] [REIPlugin START] Reloading Section: "post-register/DefaultRuntimePlugin of DefaultRuntimePlugin [roughlyenoughitems]/"
[04:18:10] [main/TRACE] [REI] [REIPlugin START] Reloading Section: "post-register/DefaultRuntimePlugin of DefaultRuntimePlugin [roughlyenoughitems]/" done in 12.50 μs
[04:18:10] [main/TRACE] [REI] [REIPlugin START] Reloading Section: "post-register/" done in 469.2 μs
[04:18:10] [main/TRACE] [REI] [REIPlugin START] Reloading Section: "post-stage/"
[04:18:10] [main/TRACE] [REI] [REIPlugin START] Reloading Section: "post-stage/EntryTypeRegistryImpl/"
[04:18:10] [main/TRACE] [REI] [REIPlugin START] Reloading Section: "post-stage/EntryTypeRegistryImpl/" done in 17.60 μs
[04:18:10] [main/TRACE] [REI] [REIPlugin START] Reloading Section: "post-stage/EntrySettingsAdapterRegistryImpl/"
[04:18:10] [main/TRACE] [REI] [REIPlugin START] Reloading Section: "post-stage/EntrySettingsAdapterRegistryImpl/" done in 11.90 μs
[04:18:10] [main/TRACE] [REI] [REIPlugin START] Reloading Section: "post-stage/RecipeManagerContextImpl/"
[04:18:10] [main/TRACE] [REI] [REIPlugin START] Reloading Section: "post-stage/RecipeManagerContextImpl/" done in 10.10 μs
[04:18:10] [main/TRACE] [REI] [REIPlugin START] Reloading Section: "post-stage/ItemComparatorRegistryImpl/"
[04:18:10] [main/TRACE] [REI] [REIPlugin START] Reloading Section: "post-stage/ItemComparatorRegistryImpl/" done in 9.500 μs
[04:18:10] [main/TRACE] [REI] [REIPlugin START] Reloading Section: "post-stage/FluidComparatorRegistryImpl/"
[04:18:10] [main/TRACE] [REI] [REIPlugin START] Reloading Section: "post-stage/FluidComparatorRegistryImpl/" done in 9.500 μs
[04:18:10] [main/TRACE] [REI] [REIPlugin START] Reloading Section: "post-stage/DisplaySerializerRegistryImpl/"
[04:18:10] [main/TRACE] [REI] [REIPlugin START] Reloading Section: "post-stage/DisplaySerializerRegistryImpl/" done in 9.600 μs
[04:18:10] [main/TRACE] [REI] [REIPlugin START] Reloading Section: "post-stage/FluidSupportProviderImpl/"
[04:18:10] [main/TRACE] [REI] [REIPlugin START] Reloading Section: "post-stage/FluidSupportProviderImpl/" done in 11.30 μs
[04:18:10] [main/TRACE] [REI] [REIPlugin START] Reloading Section: "post-stage/" done in 229.4 μs
[04:18:10] [main/DEBUG] [REI] ========================================
[04:18:10] [main/INFO] [REI] REIPlugin finished post-reload for START in 731.3 μs, totaling 20.70 ms.
[04:18:10] [main/DEBUG] [REI] ========================================
[04:18:10] [main/DEBUG] [REI] ========================================
[04:18:10] [main/DEBUG] [REI] REIServerPlugin starting post-reload for START.
[04:18:10] [main/DEBUG] [REI] Reloadables (2):
[04:18:10] [main/DEBUG] [REI]  - MenuInfoRegistryImpl
[04:18:10] [main/DEBUG] [REI]  - SlotAccessorRegistryImpl
[04:18:10] [main/DEBUG] [REI] Plugins (3):
[04:18:10] [main/DEBUG] [REI]  - (-100.00) DefaultPlugin of DefaultPlugin [roughlyenoughitems]
[04:18:10] [main/DEBUG] [REI]  - (0.00) FabricFluidAPISupportPlugin
[04:18:10] [main/DEBUG] [REI]  - (0.00) DefaultRuntimePlugin of DefaultRuntimePlugin [roughlyenoughitems]
[04:18:10] [main/DEBUG] [REI] ========================================
[04:18:10] [main/TRACE] [REI] [REIServerPlugin START] Reloading Section: "post-register/"
[04:18:10] [main/TRACE] [REI] [REIServerPlugin START] Reloading Section: "post-register/DefaultPlugin of DefaultPlugin [roughlyenoughitems]/"
[04:18:10] [main/TRACE] [REI] [REIServerPlugin START] Reloading Section: "post-register/DefaultPlugin of DefaultPlugin [roughlyenoughitems]/" done in 16.10 μs
[04:18:10] [main/TRACE] [REI] [REIServerPlugin START] Reloading Section: "post-register/FabricFluidAPISupportPlugin/"
[04:18:10] [main/TRACE] [REI] [REIServerPlugin START] Reloading Section: "post-register/FabricFluidAPISupportPlugin/" done in 12.40 μs
[04:18:10] [main/TRACE] [REI] [REIServerPlugin START] Reloading Section: "post-register/DefaultRuntimePlugin of DefaultRuntimePlugin [roughlyenoughitems]/"
[04:18:10] [main/TRACE] [REI] [REIServerPlugin START] Reloading Section: "post-register/DefaultRuntimePlugin of DefaultRuntimePlugin [roughlyenoughitems]/" done in 12.40 μs
[04:18:10] [main/TRACE] [REI] [REIServerPlugin START] Reloading Section: "post-register/" done in 164.3 μs
[04:18:10] [main/TRACE] [REI] [REIServerPlugin START] Reloading Section: "post-stage/"
[04:18:10] [main/TRACE] [REI] [REIServerPlugin START] Reloading Section: "post-stage/MenuInfoRegistryImpl/"
[04:18:10] [main/TRACE] [REI] [REIServerPlugin START] Reloading Section: "post-stage/MenuInfoRegistryImpl/" done in 10.90 μs
[04:18:10] [main/TRACE] [REI] [REIServerPlugin START] Reloading Section: "post-stage/SlotAccessorRegistryImpl/"
[04:18:10] [main/TRACE] [REI] [REIServerPlugin START] Reloading Section: "post-stage/SlotAccessorRegistryImpl/" done in 10.00 μs
[04:18:10] [main/TRACE] [REI] [REIServerPlugin START] Reloading Section: "post-stage/" done in 65.20 μs
[04:18:10] [main/DEBUG] [REI] ========================================
[04:18:10] [main/INFO] [REI] REIServerPlugin finished post-reload for START in 259.1 μs, totaling 2.831 ms.
[04:18:10] [main/DEBUG] [REI] ========================================
[04:18:10] [main/DEBUG] [REI] ========================================
[04:18:10] [main/DEBUG] [REI] REIPlugin starting pre-reload for END.
[04:18:10] [main/DEBUG] [REI] Reloadables (7):
[04:18:10] [main/DEBUG] [REI]  - EntryTypeRegistryImpl
[04:18:10] [main/DEBUG] [REI]  - EntrySettingsAdapterRegistryImpl
[04:18:10] [main/DEBUG] [REI]  - RecipeManagerContextImpl
[04:18:10] [main/DEBUG] [REI]  - ItemComparatorRegistryImpl
[04:18:10] [main/DEBUG] [REI]  - FluidComparatorRegistryImpl
[04:18:10] [main/DEBUG] [REI]  - DisplaySerializerRegistryImpl
[04:18:10] [main/DEBUG] [REI]  - FluidSupportProviderImpl
[04:18:10] [main/DEBUG] [REI] Plugins (3):
[04:18:10] [main/DEBUG] [REI]  - (-100.00) DefaultPlugin of DefaultPlugin [roughlyenoughitems]
[04:18:10] [main/DEBUG] [REI]  - (0.00) FabricFluidAPISupportPlugin
[04:18:10] [main/DEBUG] [REI]  - (0.00) DefaultRuntimePlugin of DefaultRuntimePlugin [roughlyenoughitems]
[04:18:10] [main/DEBUG] [REI] ========================================
[04:18:10] [main/TRACE] [REI] [REIPlugin END] Reloading Section: "pre-register/"
[04:18:10] [main/TRACE] [REI] [REIPlugin END] Reloading Section: "pre-register/DefaultPlugin of DefaultPlugin [roughlyenoughitems]/"
[04:18:10] [main/TRACE] [REI] [REIPlugin END] Reloading Section: "pre-register/DefaultPlugin of DefaultPlugin [roughlyenoughitems]/" done in 17.20 μs
[04:18:10] [main/TRACE] [REI] [REIPlugin END] Reloading Section: "pre-register/FabricFluidAPISupportPlugin/"
[04:18:10] [main/TRACE] [REI] [REIPlugin END] Reloading Section: "pre-register/FabricFluidAPISupportPlugin/" done in 16.40 μs
[04:18:10] [main/TRACE] [REI] [REIPlugin END] Reloading Section: "pre-register/DefaultRuntimePlugin of DefaultRuntimePlugin [roughlyenoughitems]/"
[04:18:10] [main/TRACE] [REI] [REIPlugin END] Reloading Section: "pre-register/DefaultRuntimePlugin of DefaultRuntimePlugin [roughlyenoughitems]/" done in 15.60 μs
[04:18:10] [main/TRACE] [REI] [REIPlugin END] Reloading Section: "pre-register/" done in 152.2 μs
[04:18:10] [main/TRACE] [REI] [REIPlugin END] Reloading Section: "pre-stage/"
[04:18:10] [main/TRACE] [REI] [REIPlugin END] Reloading Section: "pre-stage/EntryTypeRegistryImpl/"
[04:18:10] [main/TRACE] [REI] [REIPlugin END] Reloading Section: "pre-stage/EntryTypeRegistryImpl/" done in 16.60 μs
[04:18:10] [main/TRACE] [REI] [REIPlugin END] Reloading Section: "pre-stage/EntrySettingsAdapterRegistryImpl/"
[04:18:10] [main/TRACE] [REI] [REIPlugin END] Reloading Section: "pre-stage/EntrySettingsAdapterRegistryImpl/" done in 19.80 μs
[04:18:10] [main/TRACE] [REI] [REIPlugin END] Reloading Section: "pre-stage/RecipeManagerContextImpl/"
[04:18:10] [main/TRACE] [REI] [REIPlugin END] Reloading Section: "pre-stage/RecipeManagerContextImpl/" done in 12.90 μs
[04:18:10] [main/TRACE] [REI] [REIPlugin END] Reloading Section: "pre-stage/ItemComparatorRegistryImpl/"
[04:18:10] [main/TRACE] [REI] [REIPlugin END] Reloading Section: "pre-stage/ItemComparatorRegistryImpl/" done in 10.20 μs
[04:18:10] [main/TRACE] [REI] [REIPlugin END] Reloading Section: "pre-stage/FluidComparatorRegistryImpl/"
[04:18:10] [main/TRACE] [REI] [REIPlugin END] Reloading Section: "pre-stage/FluidComparatorRegistryImpl/" done in 9.800 μs
[04:18:10] [main/TRACE] [REI] [REIPlugin END] Reloading Section: "pre-stage/DisplaySerializerRegistryImpl/"
[04:18:10] [main/TRACE] [REI] [REIPlugin END] Reloading Section: "pre-stage/DisplaySerializerRegistryImpl/" done in 10.90 μs
[04:18:10] [main/TRACE] [REI] [REIPlugin END] Reloading Section: "pre-stage/FluidSupportProviderImpl/"
[04:18:10] [main/TRACE] [REI] [REIPlugin END] Reloading Section: "pre-stage/FluidSupportProviderImpl/" done in 48.40 μs
[04:18:10] [main/TRACE] [REI] [REIPlugin END] Reloading Section: "pre-stage/" done in 390.1 μs
[04:18:10] [main/DEBUG] [REI] ========================================
[04:18:10] [main/DEBUG] [REI] REIPlugin finished pre-reload for END in 587.5 μs.
[04:18:10] [main/DEBUG] [REI] ========================================
[04:18:10] [main/DEBUG] [REI] ========================================
[04:18:10] [main/DEBUG] [REI] REIServerPlugin starting pre-reload for END.
[04:18:10] [main/DEBUG] [REI] Reloadables (2):
[04:18:10] [main/DEBUG] [REI]  - MenuInfoRegistryImpl
[04:18:10] [main/DEBUG] [REI]  - SlotAccessorRegistryImpl
[04:18:10] [main/DEBUG] [REI] Plugins (3):
[04:18:10] [main/DEBUG] [REI]  - (-100.00) DefaultPlugin of DefaultPlugin [roughlyenoughitems]
[04:18:10] [main/DEBUG] [REI]  - (0.00) FabricFluidAPISupportPlugin
[04:18:10] [main/DEBUG] [REI]  - (0.00) DefaultRuntimePlugin of DefaultRuntimePlugin [roughlyenoughitems]
[04:18:10] [main/DEBUG] [REI] ========================================
[04:18:10] [main/TRACE] [REI] [REIServerPlugin END] Reloading Section: "pre-register/"
[04:18:10] [main/TRACE] [REI] [REIServerPlugin END] Reloading Section: "pre-register/DefaultPlugin of DefaultPlugin [roughlyenoughitems]/"
[04:18:10] [main/TRACE] [REI] [REIServerPlugin END] Reloading Section: "pre-register/DefaultPlugin of DefaultPlugin [roughlyenoughitems]/" done in 32.80 μs
[04:18:10] [main/TRACE] [REI] [REIServerPlugin END] Reloading Section: "pre-register/FabricFluidAPISupportPlugin/"
[04:18:10] [main/TRACE] [REI] [REIServerPlugin END] Reloading Section: "pre-register/FabricFluidAPISupportPlugin/" done in 31.80 μs
[04:18:10] [main/TRACE] [REI] [REIServerPlugin END] Reloading Section: "pre-register/DefaultRuntimePlugin of DefaultRuntimePlugin [roughlyenoughitems]/"
[04:18:10] [main/TRACE] [REI] [REIServerPlugin END] Reloading Section: "pre-register/DefaultRuntimePlugin of DefaultRuntimePlugin [roughlyenoughitems]/" done in 12.20 μs
[04:18:10] [main/TRACE] [REI] [REIServerPlugin END] Reloading Section: "pre-register/" done in 186.5 μs
[04:18:10] [main/TRACE] [REI] [REIServerPlugin END] Reloading Section: "pre-stage/"
[04:18:10] [main/TRACE] [REI] [REIServerPlugin END] Reloading Section: "pre-stage/MenuInfoRegistryImpl/"
[04:18:10] [main/TRACE] [REI] [REIServerPlugin END] Reloading Section: "pre-stage/MenuInfoRegistryImpl/" done in 11.50 μs
[04:18:10] [main/TRACE] [REI] [REIServerPlugin END] Reloading Section: "pre-stage/SlotAccessorRegistryImpl/"
[04:18:10] [main/TRACE] [REI] [REIServerPlugin END] Reloading Section: "pre-stage/SlotAccessorRegistryImpl/" done in 11.20 μs
[04:18:10] [main/TRACE] [REI] [REIServerPlugin END] Reloading Section: "pre-stage/" done in 67.60 μs
[04:18:10] [main/DEBUG] [REI] ========================================
[04:18:10] [main/DEBUG] [REI] REIServerPlugin finished pre-reload for END in 281.4 μs.
[04:18:10] [main/DEBUG] [REI] ========================================
[04:18:10] [main/INFO] [REI] @@@@@@@@@@@@@@@@@@@@@@@@@@@@@@@@@@@@@@@@
[04:18:10] [main/INFO] [REI] REIPlugin starting main-reload for END.
[04:18:10] [main/DEBUG] [REI] Reloadables (7):
[04:18:10] [main/DEBUG] [REI]  - EntryTypeRegistryImpl
[04:18:10] [main/DEBUG] [REI]  - EntrySettingsAdapterRegistryImpl
[04:18:10] [main/DEBUG] [REI]  - RecipeManagerContextImpl
[04:18:10] [main/DEBUG] [REI]  - ItemComparatorRegistryImpl
[04:18:10] [main/DEBUG] [REI]  - FluidComparatorRegistryImpl
[04:18:10] [main/DEBUG] [REI]  - DisplaySerializerRegistryImpl
[04:18:10] [main/DEBUG] [REI]  - FluidSupportProviderImpl
[04:18:10] [main/INFO] [REI] Plugins (3):
[04:18:10] [main/INFO] [REI]  - (-100.00) DefaultPlugin of DefaultPlugin [roughlyenoughitems]
[04:18:10] [main/INFO] [REI]  - (0.00) FabricFluidAPISupportPlugin
[04:18:10] [main/INFO] [REI]  - (0.00) DefaultRuntimePlugin of DefaultRuntimePlugin [roughlyenoughitems]
[04:18:10] [main/INFO] [REI] @@@@@@@@@@@@@@@@@@@@@@@@@@@@@@@@@@@@@@@@
[04:18:10] [main/TRACE] [REI] [REIPlugin END] Reloading Section: "start-reload/"
[04:18:10] [main/TRACE] [REI] [REIPlugin END] Reloading Section: "start-reload/EntryTypeRegistryImpl/"
[04:18:10] [main/TRACE] [REI] [REIPlugin END] Reloading Section: "start-reload/EntryTypeRegistryImpl/" done in 25.50 μs
[04:18:10] [main/TRACE] [REI] [REIPlugin END] Reloading Section: "start-reload/EntrySettingsAdapterRegistryImpl/"
[04:18:10] [main/TRACE] [REI] [REIPlugin END] Reloading Section: "start-reload/EntrySettingsAdapterRegistryImpl/" done in 19.70 μs
[04:18:10] [main/TRACE] [REI] [REIPlugin END] Reloading Section: "start-reload/RecipeManagerContextImpl/"
[04:18:10] [main/TRACE] [REI] [REIPlugin END] Reloading Section: "start-reload/RecipeManagerContextImpl/" done in 9.900 μs
[04:18:10] [main/TRACE] [REI] [REIPlugin END] Reloading Section: "start-reload/ItemComparatorRegistryImpl/"
[04:18:10] [main/TRACE] [REI] [REIPlugin END] Reloading Section: "start-reload/ItemComparatorRegistryImpl/" done in 9.400 μs
[04:18:10] [main/TRACE] [REI] [REIPlugin END] Reloading Section: "start-reload/FluidComparatorRegistryImpl/"
[04:18:10] [main/TRACE] [REI] [REIPlugin END] Reloading Section: "start-reload/FluidComparatorRegistryImpl/" done in 12.70 μs
[04:18:10] [main/TRACE] [REI] [REIPlugin END] Reloading Section: "start-reload/DisplaySerializerRegistryImpl/"
[04:18:10] [main/TRACE] [REI] [REIPlugin END] Reloading Section: "start-reload/DisplaySerializerRegistryImpl/" done in 11.10 μs
[04:18:10] [main/TRACE] [REI] [REIPlugin END] Reloading Section: "start-reload/FluidSupportProviderImpl/"
[04:18:10] [main/TRACE] [REI] [REIPlugin END] Reloading Section: "start-reload/FluidSupportProviderImpl/" done in 9.600 μs
[04:18:10] [main/TRACE] [REI] [REIPlugin END] Reloading Section: "start-reload/" done in 247.8 μs
[04:18:10] [main/DEBUG] [REI] ========================================
[04:18:10] [main/DEBUG] [REI] REIPlugin started main-reload for END.
[04:18:10] [main/DEBUG] [REI] ========================================
[04:18:10] [main/TRACE] [REI] [REIPlugin END] Reloading Section: "reloadable-plugin/EntryTypeRegistryImpl/"
[04:18:10] [main/TRACE] [REI] [REIPlugin END] Reloading Section: "reloadable-plugin/EntryTypeRegistryImpl/DefaultPlugin of DefaultPlugin [roughlyenoughitems]/"
[04:18:10] [main/TRACE] [REI] [REIPlugin END] Reloading Section: "reloadable-plugin/EntryTypeRegistryImpl/DefaultPlugin of DefaultPlugin [roughlyenoughitems]/" done in 15.60 μs
[04:18:10] [main/TRACE] [REI] [REIPlugin END] Reloading Section: "reloadable-plugin/EntryTypeRegistryImpl/FabricFluidAPISupportPlugin/"
[04:18:10] [main/TRACE] [REI] [REIPlugin END] Reloading Section: "reloadable-plugin/EntryTypeRegistryImpl/FabricFluidAPISupportPlugin/" done in 14.60 μs
[04:18:10] [main/TRACE] [REI] [REIPlugin END] Reloading Section: "reloadable-plugin/EntryTypeRegistryImpl/DefaultRuntimePlugin of DefaultRuntimePlugin [roughlyenoughitems]/"
[04:18:10] [main/TRACE] [REI] [REIPlugin END] Reloading Section: "reloadable-plugin/EntryTypeRegistryImpl/DefaultRuntimePlugin of DefaultRuntimePlugin [roughlyenoughitems]/" done in 12.30 μs
[04:18:10] [main/TRACE] [REI] [REIPlugin END] Reloading Section: "reloadable-plugin/EntryTypeRegistryImpl/" done in 120.0 μs
[04:18:10] [main/TRACE] [REI] [REIPlugin END] Reloading Section: "reloadable-plugin/EntrySettingsAdapterRegistryImpl/"
[04:18:10] [main/TRACE] [REI] [REIPlugin END] Reloading Section: "reloadable-plugin/EntrySettingsAdapterRegistryImpl/DefaultPlugin of DefaultPlugin [roughlyenoughitems]/"
[04:18:10] [main/TRACE] [REI] [REIPlugin END] Reloading Section: "reloadable-plugin/EntrySettingsAdapterRegistryImpl/DefaultPlugin of DefaultPlugin [roughlyenoughitems]/" done in 20.70 μs
[04:18:10] [main/TRACE] [REI] [REIPlugin END] Reloading Section: "reloadable-plugin/EntrySettingsAdapterRegistryImpl/FabricFluidAPISupportPlugin/"
[04:18:10] [main/TRACE] [REI] [REIPlugin END] Reloading Section: "reloadable-plugin/EntrySettingsAdapterRegistryImpl/FabricFluidAPISupportPlugin/" done in 11.40 μs
[04:18:10] [main/TRACE] [REI] [REIPlugin END] Reloading Section: "reloadable-plugin/EntrySettingsAdapterRegistryImpl/DefaultRuntimePlugin of DefaultRuntimePlugin [roughlyenoughitems]/"
[04:18:10] [main/TRACE] [REI] [REIPlugin END] Reloading Section: "reloadable-plugin/EntrySettingsAdapterRegistryImpl/DefaultRuntimePlugin of DefaultRuntimePlugin [roughlyenoughitems]/" done in 10.80 μs
[04:18:10] [main/TRACE] [REI] [REIPlugin END] Reloading Section: "reloadable-plugin/EntrySettingsAdapterRegistryImpl/" done in 107.9 μs
[04:18:10] [main/TRACE] [REI] [REIPlugin END] Reloading Section: "reloadable-plugin/RecipeManagerContextImpl/"
[04:18:10] [main/TRACE] [REI] [REIPlugin END] Reloading Section: "reloadable-plugin/RecipeManagerContextImpl/DefaultPlugin of DefaultPlugin [roughlyenoughitems]/"
[04:18:10] [main/TRACE] [REI] [REIPlugin END] Reloading Section: "reloadable-plugin/RecipeManagerContextImpl/DefaultPlugin of DefaultPlugin [roughlyenoughitems]/" done in 11.00 μs
[04:18:10] [main/TRACE] [REI] [REIPlugin END] Reloading Section: "reloadable-plugin/RecipeManagerContextImpl/FabricFluidAPISupportPlugin/"
[04:18:10] [main/TRACE] [REI] [REIPlugin END] Reloading Section: "reloadable-plugin/RecipeManagerContextImpl/FabricFluidAPISupportPlugin/" done in 11.60 μs
[04:18:10] [main/TRACE] [REI] [REIPlugin END] Reloading Section: "reloadable-plugin/RecipeManagerContextImpl/DefaultRuntimePlugin of DefaultRuntimePlugin [roughlyenoughitems]/"
[04:18:10] [main/TRACE] [REI] [REIPlugin END] Reloading Section: "reloadable-plugin/RecipeManagerContextImpl/DefaultRuntimePlugin of DefaultRuntimePlugin [roughlyenoughitems]/" done in 11.40 μs
[04:18:10] [main/TRACE] [REI] [REIPlugin END] Reloading Section: "reloadable-plugin/RecipeManagerContextImpl/" done in 95.20 μs
[04:18:10] [main/TRACE] [REI] [REIPlugin END] Reloading Section: "reloadable-plugin/ItemComparatorRegistryImpl/"
[04:18:10] [main/TRACE] [REI] [REIPlugin END] Reloading Section: "reloadable-plugin/ItemComparatorRegistryImpl/DefaultPlugin of DefaultPlugin [roughlyenoughitems]/"
[04:18:10] [main/TRACE] [REI] [REIPlugin END] Reloading Section: "reloadable-plugin/ItemComparatorRegistryImpl/DefaultPlugin of DefaultPlugin [roughlyenoughitems]/" done in 10.90 μs
[04:18:10] [main/TRACE] [REI] [REIPlugin END] Reloading Section: "reloadable-plugin/ItemComparatorRegistryImpl/FabricFluidAPISupportPlugin/"
[04:18:10] [main/TRACE] [REI] [REIPlugin END] Reloading Section: "reloadable-plugin/ItemComparatorRegistryImpl/FabricFluidAPISupportPlugin/" done in 10.90 μs
[04:18:10] [main/TRACE] [REI] [REIPlugin END] Reloading Section: "reloadable-plugin/ItemComparatorRegistryImpl/DefaultRuntimePlugin of DefaultRuntimePlugin [roughlyenoughitems]/"
[04:18:10] [main/TRACE] [REI] [REIPlugin END] Reloading Section: "reloadable-plugin/ItemComparatorRegistryImpl/DefaultRuntimePlugin of DefaultRuntimePlugin [roughlyenoughitems]/" done in 13.30 μs
[04:18:10] [main/TRACE] [REI] [REIPlugin END] Reloading Section: "reloadable-plugin/ItemComparatorRegistryImpl/" done in 118.9 μs
[04:18:10] [main/TRACE] [REI] [REIPlugin END] Reloading Section: "reloadable-plugin/FluidComparatorRegistryImpl/"
[04:18:10] [main/TRACE] [REI] [REIPlugin END] Reloading Section: "reloadable-plugin/FluidComparatorRegistryImpl/DefaultPlugin of DefaultPlugin [roughlyenoughitems]/"
[04:18:10] [main/TRACE] [REI] [REIPlugin END] Reloading Section: "reloadable-plugin/FluidComparatorRegistryImpl/DefaultPlugin of DefaultPlugin [roughlyenoughitems]/" done in 11.00 μs
[04:18:10] [main/TRACE] [REI] [REIPlugin END] Reloading Section: "reloadable-plugin/FluidComparatorRegistryImpl/FabricFluidAPISupportPlugin/"
[04:18:10] [main/TRACE] [REI] [REIPlugin END] Reloading Section: "reloadable-plugin/FluidComparatorRegistryImpl/FabricFluidAPISupportPlugin/" done in 11.10 μs
[04:18:10] [main/TRACE] [REI] [REIPlugin END] Reloading Section: "reloadable-plugin/FluidComparatorRegistryImpl/DefaultRuntimePlugin of DefaultRuntimePlugin [roughlyenoughitems]/"
[04:18:10] [main/TRACE] [REI] [REIPlugin END] Reloading Section: "reloadable-plugin/FluidComparatorRegistryImpl/DefaultRuntimePlugin of DefaultRuntimePlugin [roughlyenoughitems]/" done in 10.40 μs
[04:18:10] [main/TRACE] [REI] [REIPlugin END] Reloading Section: "reloadable-plugin/FluidComparatorRegistryImpl/" done in 88.10 μs
[04:18:10] [main/TRACE] [REI] [REIPlugin END] Reloading Section: "reloadable-plugin/DisplaySerializerRegistryImpl/"
[04:18:10] [main/TRACE] [REI] [REIPlugin END] Reloading Section: "reloadable-plugin/DisplaySerializerRegistryImpl/DefaultPlugin of DefaultPlugin [roughlyenoughitems]/"
[04:18:10] [main/TRACE] [REI] [REIPlugin END] Reloading Section: "reloadable-plugin/DisplaySerializerRegistryImpl/DefaultPlugin of DefaultPlugin [roughlyenoughitems]/" done in 15.27 ms
[04:18:10] [main/TRACE] [REI] [REIPlugin END] Reloading Section: "reloadable-plugin/DisplaySerializerRegistryImpl/FabricFluidAPISupportPlugin/"
[04:18:10] [main/TRACE] [REI] [REIPlugin END] Reloading Section: "reloadable-plugin/DisplaySerializerRegistryImpl/FabricFluidAPISupportPlugin/" done in 33.10 μs
[04:18:10] [main/TRACE] [REI] [REIPlugin END] Reloading Section: "reloadable-plugin/DisplaySerializerRegistryImpl/DefaultRuntimePlugin of DefaultRuntimePlugin [roughlyenoughitems]/"
[04:18:10] [main/TRACE] [REI] [REIPlugin END] Reloading Section: "reloadable-plugin/DisplaySerializerRegistryImpl/DefaultRuntimePlugin of DefaultRuntimePlugin [roughlyenoughitems]/" done in 16.00 μs
[04:18:10] [main/TRACE] [REI] [REIPlugin END] Reloading Section: "reloadable-plugin/DisplaySerializerRegistryImpl/" done in 15.57 ms
[04:18:10] [main/TRACE] [REI] [REIPlugin END] Reloading Section: "reloadable-plugin/FluidSupportProviderImpl/"
[04:18:10] [main/TRACE] [REI] [REIPlugin END] Reloading Section: "reloadable-plugin/FluidSupportProviderImpl/DefaultPlugin of DefaultPlugin [roughlyenoughitems]/"
[04:18:10] [main/TRACE] [REI] [REIPlugin END] Reloading Section: "reloadable-plugin/FluidSupportProviderImpl/DefaultPlugin of DefaultPlugin [roughlyenoughitems]/" done in 15.50 μs
[04:18:10] [main/TRACE] [REI] [REIPlugin END] Reloading Section: "reloadable-plugin/FluidSupportProviderImpl/FabricFluidAPISupportPlugin/"
[04:18:10] [main/TRACE] [REI] [REIPlugin END] Reloading Section: "reloadable-plugin/FluidSupportProviderImpl/FabricFluidAPISupportPlugin/" done in 14.30 μs
[04:18:10] [main/TRACE] [REI] [REIPlugin END] Reloading Section: "reloadable-plugin/FluidSupportProviderImpl/DefaultRuntimePlugin of DefaultRuntimePlugin [roughlyenoughitems]/"
[04:18:10] [main/TRACE] [REI] [REIPlugin END] Reloading Section: "reloadable-plugin/FluidSupportProviderImpl/DefaultRuntimePlugin of DefaultRuntimePlugin [roughlyenoughitems]/" done in 42.20 μs
[04:18:10] [main/TRACE] [REI] [REIPlugin END] Reloading Section: "reloadable-plugin/FluidSupportProviderImpl/" done in 168.3 μs
[04:18:10] [main/DEBUG] [REI] ========================================
[04:18:10] [main/DEBUG] [REI] REIPlugin ending main-reload for END.
[04:18:10] [main/DEBUG] [REI] ========================================
[04:18:10] [main/TRACE] [REI] [REIPlugin END] Reloading Section: "end-reload/"
[04:18:10] [main/TRACE] [REI] [REIPlugin END] Reloading Section: "end-reload/EntryTypeRegistryImpl/"
[04:18:10] [main/TRACE] [REI] [REIPlugin END] Reloading Section: "end-reload/EntryTypeRegistryImpl/" done in 13.80 μs
[04:18:10] [main/TRACE] [REI] [REIPlugin END] Reloading Section: "end-reload/EntrySettingsAdapterRegistryImpl/"
[04:18:10] [main/TRACE] [REI] [REIPlugin END] Reloading Section: "end-reload/EntrySettingsAdapterRegistryImpl/" done in 11.50 μs
[04:18:10] [main/TRACE] [REI] [REIPlugin END] Reloading Section: "end-reload/RecipeManagerContextImpl/"
[04:18:10] [main/TRACE] [REI] [REIPlugin END] Reloading Section: "end-reload/RecipeManagerContextImpl/" done in 19.00 μs
[04:18:10] [main/TRACE] [REI] [REIPlugin END] Reloading Section: "end-reload/ItemComparatorRegistryImpl/"
[04:18:10] [main/TRACE] [REI] [REIPlugin END] Reloading Section: "end-reload/ItemComparatorRegistryImpl/" done in 12.80 μs
[04:18:10] [main/TRACE] [REI] [REIPlugin END] Reloading Section: "end-reload/FluidComparatorRegistryImpl/"
[04:18:10] [main/TRACE] [REI] [REIPlugin END] Reloading Section: "end-reload/FluidComparatorRegistryImpl/" done in 56.30 μs
[04:18:10] [main/TRACE] [REI] [REIPlugin END] Reloading Section: "end-reload/DisplaySerializerRegistryImpl/"
[04:18:10] [main/TRACE] [REI] [REIPlugin END] Reloading Section: "end-reload/DisplaySerializerRegistryImpl/" done in 48.00 μs
[04:18:10] [main/TRACE] [REI] [REIPlugin END] Reloading Section: "end-reload/FluidSupportProviderImpl/"
[04:18:10] [main/TRACE] [REI] [REIPlugin END] Reloading Section: "end-reload/FluidSupportProviderImpl/" done in 23.50 μs
[04:18:10] [main/TRACE] [REI] [REIPlugin END] Reloading Section: "end-reload/" done in 531.3 μs
[04:18:10] [main/DEBUG] [REI] ========================================
[04:18:10] [main/DEBUG] [REI] REIPlugin ended main-reload for END in 18.36 ms.
[04:18:10] [main/DEBUG] [REI] ========================================
[04:18:10] [main/INFO] [REI] ++++++++++++++++++++++++++++++++++++++++
[04:18:10] [main/INFO] [REI] REIServerPlugin starting main-reload for END.
[04:18:10] [main/DEBUG] [REI] Reloadables (2):
[04:18:10] [main/DEBUG] [REI]  - MenuInfoRegistryImpl
[04:18:10] [main/DEBUG] [REI]  - SlotAccessorRegistryImpl
[04:18:10] [main/INFO] [REI] Plugins (3):
[04:18:10] [main/INFO] [REI]  - (-100.00) DefaultPlugin of DefaultPlugin [roughlyenoughitems]
[04:18:10] [main/INFO] [REI]  - (0.00) FabricFluidAPISupportPlugin
[04:18:10] [main/INFO] [REI]  - (0.00) DefaultRuntimePlugin of DefaultRuntimePlugin [roughlyenoughitems]
[04:18:10] [main/INFO] [REI] ++++++++++++++++++++++++++++++++++++++++
[04:18:10] [main/TRACE] [REI] [REIServerPlugin END] Reloading Section: "start-reload/"
[04:18:10] [main/TRACE] [REI] [REIServerPlugin END] Reloading Section: "start-reload/MenuInfoRegistryImpl/"
[04:18:10] [main/TRACE] [REI] [REIServerPlugin END] Reloading Section: "start-reload/MenuInfoRegistryImpl/" done in 53.30 μs
[04:18:10] [main/TRACE] [REI] [REIServerPlugin END] Reloading Section: "start-reload/SlotAccessorRegistryImpl/"
[04:18:10] [main/TRACE] [REI] [REIServerPlugin END] Reloading Section: "start-reload/SlotAccessorRegistryImpl/" done in 20.00 μs
[04:18:10] [main/TRACE] [REI] [REIServerPlugin END] Reloading Section: "start-reload/" done in 232.5 μs
[04:18:10] [main/DEBUG] [REI] ========================================
[04:18:10] [main/DEBUG] [REI] REIServerPlugin started main-reload for END.
[04:18:10] [main/DEBUG] [REI] ========================================
[04:18:10] [main/TRACE] [REI] [REIServerPlugin END] Reloading Section: "reloadable-plugin/MenuInfoRegistryImpl/"
[04:18:10] [main/TRACE] [REI] [REIServerPlugin END] Reloading Section: "reloadable-plugin/MenuInfoRegistryImpl/DefaultPlugin of DefaultPlugin [roughlyenoughitems]/"
[04:18:10] [main/TRACE] [REI] [REIServerPlugin END] Reloading Section: "reloadable-plugin/MenuInfoRegistryImpl/DefaultPlugin of DefaultPlugin [roughlyenoughitems]/" done in 49.80 μs
[04:18:10] [main/TRACE] [REI] [REIServerPlugin END] Reloading Section: "reloadable-plugin/MenuInfoRegistryImpl/FabricFluidAPISupportPlugin/"
[04:18:10] [main/TRACE] [REI] [REIServerPlugin END] Reloading Section: "reloadable-plugin/MenuInfoRegistryImpl/FabricFluidAPISupportPlugin/" done in 55.40 μs
[04:18:10] [main/TRACE] [REI] [REIServerPlugin END] Reloading Section: "reloadable-plugin/MenuInfoRegistryImpl/DefaultRuntimePlugin of DefaultRuntimePlugin [roughlyenoughitems]/"
[04:18:10] [main/TRACE] [REI] [REIServerPlugin END] Reloading Section: "reloadable-plugin/MenuInfoRegistryImpl/DefaultRuntimePlugin of DefaultRuntimePlugin [roughlyenoughitems]/" done in 21.00 μs
[04:18:10] [main/TRACE] [REI] [REIServerPlugin END] Reloading Section: "reloadable-plugin/MenuInfoRegistryImpl/" done in 308.8 μs
[04:18:10] [main/TRACE] [REI] [REIServerPlugin END] Reloading Section: "reloadable-plugin/SlotAccessorRegistryImpl/"
[04:18:10] [main/TRACE] [REI] [REIServerPlugin END] Reloading Section: "reloadable-plugin/SlotAccessorRegistryImpl/DefaultPlugin of DefaultPlugin [roughlyenoughitems]/"
[04:18:10] [main/TRACE] [REI] [REIServerPlugin END] Reloading Section: "reloadable-plugin/SlotAccessorRegistryImpl/DefaultPlugin of DefaultPlugin [roughlyenoughitems]/" done in 22.00 μs
[04:18:10] [main/TRACE] [REI] [REIServerPlugin END] Reloading Section: "reloadable-plugin/SlotAccessorRegistryImpl/FabricFluidAPISupportPlugin/"
[04:18:10] [main/TRACE] [REI] [REIServerPlugin END] Reloading Section: "reloadable-plugin/SlotAccessorRegistryImpl/FabricFluidAPISupportPlugin/" done in 71.80 μs
[04:18:10] [main/TRACE] [REI] [REIServerPlugin END] Reloading Section: "reloadable-plugin/SlotAccessorRegistryImpl/DefaultRuntimePlugin of DefaultRuntimePlugin [roughlyenoughitems]/"
[04:18:10] [main/DEBUG] [REI] Added slot accessor serializer: me.shedaniel.rei.plugin.common.runtime.DefaultRuntimePlugin$1@534206f0 [roughlyenoughitems:vanilla]
[04:18:10] [main/DEBUG] [REI] Added slot accessor serializer: me.shedaniel.rei.plugin.common.runtime.DefaultRuntimePlugin$2@4ca65d7d [roughlyenoughitems:player]
[04:18:10] [main/TRACE] [REI] [REIServerPlugin END] Reloading Section: "reloadable-plugin/SlotAccessorRegistryImpl/DefaultRuntimePlugin of DefaultRuntimePlugin [roughlyenoughitems]/" done in 2.453 ms
[04:18:10] [main/TRACE] [REI] [REIServerPlugin END] Reloading Section: "reloadable-plugin/SlotAccessorRegistryImpl/" done in 2.851 ms
[04:18:10] [main/DEBUG] [REI] ========================================
[04:18:10] [main/DEBUG] [REI] REIServerPlugin ending main-reload for END.
[04:18:10] [main/DEBUG] [REI] ========================================
[04:18:10] [main/TRACE] [REI] [REIServerPlugin END] Reloading Section: "end-reload/"
[04:18:10] [main/TRACE] [REI] [REIServerPlugin END] Reloading Section: "end-reload/MenuInfoRegistryImpl/"
[04:18:10] [main/DEBUG] [REI] Registered 0 menu infos
[04:18:10] [main/TRACE] [REI] [REIServerPlugin END] Reloading Section: "end-reload/MenuInfoRegistryImpl/" done in 111.7 μs
[04:18:10] [main/TRACE] [REI] [REIServerPlugin END] Reloading Section: "end-reload/SlotAccessorRegistryImpl/"
[04:18:10] [main/DEBUG] [REI] Registered 2 slot accessor serializers
[04:18:10] [main/TRACE] [REI] [REIServerPlugin END] Reloading Section: "end-reload/SlotAccessorRegistryImpl/" done in 40.60 μs
[04:18:10] [main/TRACE] [REI] [REIServerPlugin END] Reloading Section: "end-reload/" done in 258.6 μs
[04:18:10] [main/DEBUG] [REI] ========================================
[04:18:10] [main/DEBUG] [REI] REIServerPlugin ended main-reload for END in 6.012 ms.
[04:18:10] [main/DEBUG] [REI] ========================================
[04:18:10] [main/DEBUG] [REI] ========================================
[04:18:10] [main/DEBUG] [REI] REIPlugin starting post-reload for END.
[04:18:10] [main/DEBUG] [REI] Reloadables (7):
[04:18:10] [main/DEBUG] [REI]  - EntryTypeRegistryImpl
[04:18:10] [main/DEBUG] [REI]  - EntrySettingsAdapterRegistryImpl
[04:18:10] [main/DEBUG] [REI]  - RecipeManagerContextImpl
[04:18:10] [main/DEBUG] [REI]  - ItemComparatorRegistryImpl
[04:18:10] [main/DEBUG] [REI]  - FluidComparatorRegistryImpl
[04:18:10] [main/DEBUG] [REI]  - DisplaySerializerRegistryImpl
[04:18:10] [main/DEBUG] [REI]  - FluidSupportProviderImpl
[04:18:10] [main/DEBUG] [REI] Plugins (3):
[04:18:10] [main/DEBUG] [REI]  - (-100.00) DefaultPlugin of DefaultPlugin [roughlyenoughitems]
[04:18:10] [main/DEBUG] [REI]  - (0.00) FabricFluidAPISupportPlugin
[04:18:10] [main/DEBUG] [REI]  - (0.00) DefaultRuntimePlugin of DefaultRuntimePlugin [roughlyenoughitems]
[04:18:10] [main/DEBUG] [REI] ========================================
[04:18:10] [main/TRACE] [REI] [REIPlugin END] Reloading Section: "post-register/"
[04:18:10] [main/TRACE] [REI] [REIPlugin END] Reloading Section: "post-register/DefaultPlugin of DefaultPlugin [roughlyenoughitems]/"
[04:18:10] [main/TRACE] [REI] [REIPlugin END] Reloading Section: "post-register/DefaultPlugin of DefaultPlugin [roughlyenoughitems]/" done in 23.70 μs
[04:18:10] [main/TRACE] [REI] [REIPlugin END] Reloading Section: "post-register/FabricFluidAPISupportPlugin/"
[04:18:10] [main/TRACE] [REI] [REIPlugin END] Reloading Section: "post-register/FabricFluidAPISupportPlugin/" done in 18.60 μs
[04:18:10] [main/TRACE] [REI] [REIPlugin END] Reloading Section: "post-register/DefaultRuntimePlugin of DefaultRuntimePlugin [roughlyenoughitems]/"
[04:18:10] [main/TRACE] [REI] [REIPlugin END] Reloading Section: "post-register/DefaultRuntimePlugin of DefaultRuntimePlugin [roughlyenoughitems]/" done in 13.60 μs
[04:18:10] [main/TRACE] [REI] [REIPlugin END] Reloading Section: "post-register/" done in 193.8 μs
[04:18:10] [main/TRACE] [REI] [REIPlugin END] Reloading Section: "post-stage/"
[04:18:10] [main/TRACE] [REI] [REIPlugin END] Reloading Section: "post-stage/EntryTypeRegistryImpl/"
[04:18:10] [main/TRACE] [REI] [REIPlugin END] Reloading Section: "post-stage/EntryTypeRegistryImpl/" done in 13.60 μs
[04:18:10] [main/TRACE] [REI] [REIPlugin END] Reloading Section: "post-stage/EntrySettingsAdapterRegistryImpl/"
[04:18:10] [main/TRACE] [REI] [REIPlugin END] Reloading Section: "post-stage/EntrySettingsAdapterRegistryImpl/" done in 13.60 μs
[04:18:10] [main/TRACE] [REI] [REIPlugin END] Reloading Section: "post-stage/RecipeManagerContextImpl/"
[04:18:10] [main/TRACE] [REI] [REIPlugin END] Reloading Section: "post-stage/RecipeManagerContextImpl/" done in 23.00 μs
[04:18:10] [main/TRACE] [REI] [REIPlugin END] Reloading Section: "post-stage/ItemComparatorRegistryImpl/"
[04:18:10] [main/TRACE] [REI] [REIPlugin END] Reloading Section: "post-stage/ItemComparatorRegistryImpl/" done in 38.50 μs
[04:18:10] [main/TRACE] [REI] [REIPlugin END] Reloading Section: "post-stage/FluidComparatorRegistryImpl/"
[04:18:10] [main/TRACE] [REI] [REIPlugin END] Reloading Section: "post-stage/FluidComparatorRegistryImpl/" done in 17.40 μs
[04:18:10] [main/TRACE] [REI] [REIPlugin END] Reloading Section: "post-stage/DisplaySerializerRegistryImpl/"
[04:18:10] [main/TRACE] [REI] [REIPlugin END] Reloading Section: "post-stage/DisplaySerializerRegistryImpl/" done in 10.20 μs
[04:18:10] [main/TRACE] [REI] [REIPlugin END] Reloading Section: "post-stage/FluidSupportProviderImpl/"
[04:18:10] [main/TRACE] [REI] [REIPlugin END] Reloading Section: "post-stage/FluidSupportProviderImpl/" done in 9.400 μs
[04:18:10] [main/TRACE] [REI] [REIPlugin END] Reloading Section: "post-stage/" done in 345.2 μs
[04:18:10] [main/DEBUG] [REI] ========================================
[04:18:10] [main/INFO] [REI] REIPlugin finished post-reload for END in 576.0 μs, totaling 19.52 ms.
[04:18:10] [main/DEBUG] [REI] ========================================
[04:18:10] [main/DEBUG] [REI] ========================================
[04:18:10] [main/DEBUG] [REI] REIServerPlugin starting post-reload for END.
[04:18:10] [main/DEBUG] [REI] Reloadables (2):
[04:18:10] [main/DEBUG] [REI]  - MenuInfoRegistryImpl
[04:18:10] [main/DEBUG] [REI]  - SlotAccessorRegistryImpl
[04:18:10] [main/DEBUG] [REI] Plugins (3):
[04:18:10] [main/DEBUG] [REI]  - (-100.00) DefaultPlugin of DefaultPlugin [roughlyenoughitems]
[04:18:10] [main/DEBUG] [REI]  - (0.00) FabricFluidAPISupportPlugin
[04:18:10] [main/DEBUG] [REI]  - (0.00) DefaultRuntimePlugin of DefaultRuntimePlugin [roughlyenoughitems]
[04:18:10] [main/DEBUG] [REI] ========================================
[04:18:10] [main/TRACE] [REI] [REIServerPlugin END] Reloading Section: "post-register/"
[04:18:10] [main/TRACE] [REI] [REIServerPlugin END] Reloading Section: "post-register/DefaultPlugin of DefaultPlugin [roughlyenoughitems]/"
[04:18:10] [main/TRACE] [REI] [REIServerPlugin END] Reloading Section: "post-register/DefaultPlugin of DefaultPlugin [roughlyenoughitems]/" done in 14.60 μs
[04:18:10] [main/TRACE] [REI] [REIServerPlugin END] Reloading Section: "post-register/FabricFluidAPISupportPlugin/"
[04:18:10] [main/TRACE] [REI] [REIServerPlugin END] Reloading Section: "post-register/FabricFluidAPISupportPlugin/" done in 10.70 μs
[04:18:10] [main/TRACE] [REI] [REIServerPlugin END] Reloading Section: "post-register/DefaultRuntimePlugin of DefaultRuntimePlugin [roughlyenoughitems]/"
[04:18:10] [main/TRACE] [REI] [REIServerPlugin END] Reloading Section: "post-register/DefaultRuntimePlugin of DefaultRuntimePlugin [roughlyenoughitems]/" done in 13.60 μs
[04:18:10] [main/TRACE] [REI] [REIServerPlugin END] Reloading Section: "post-register/" done in 112.4 μs
[04:18:10] [main/TRACE] [REI] [REIServerPlugin END] Reloading Section: "post-stage/"
[04:18:10] [main/TRACE] [REI] [REIServerPlugin END] Reloading Section: "post-stage/MenuInfoRegistryImpl/"
[04:18:10] [main/TRACE] [REI] [REIServerPlugin END] Reloading Section: "post-stage/MenuInfoRegistryImpl/" done in 12.60 μs
[04:18:10] [main/TRACE] [REI] [REIServerPlugin END] Reloading Section: "post-stage/SlotAccessorRegistryImpl/"
[04:18:10] [main/TRACE] [REI] [REIServerPlugin END] Reloading Section: "post-stage/SlotAccessorRegistryImpl/" done in 9.000 μs
[04:18:10] [main/TRACE] [REI] [REIServerPlugin END] Reloading Section: "post-stage/" done in 61.50 μs
[04:18:10] [main/DEBUG] [REI] ========================================
[04:18:10] [main/INFO] [REI] REIServerPlugin finished post-reload for END in 198.4 μs, totaling 6.455 ms.
[04:18:10] [main/DEBUG] [REI] ========================================
